<?xml version="1.0" encoding="UTF-8"?>
<!-- Generated by org.testng.reporters.JUnitReportReporter -->
<testsuite hostname="sr39-PC" name="testCasesSmoke.VersaIpSmokeTest.SmokeVersa18Mp4InputFileOutput" tests="1" failures="0" timestamp="4 Mar 2019 13:45:03 GMT" time="29.573" errors="0">
  <testcase name="smokeVersa18Mp4InputFileOutput" time="29.573" classname="testCasesSmoke.VersaIpSmokeTest.SmokeVersa18Mp4InputFileOutput"/>
</testsuite> <!-- testCasesSmoke.VersaIpSmokeTest.SmokeVersa18Mp4InputFileOutput -->
