<?xml version="1.0" encoding="UTF-8"?>
<!-- Generated by org.testng.reporters.JUnitReportReporter -->
<testsuite hostname="sr39-PC" name="testCasesSmoke.VersaIpSmokeTest.SmokeVersa1aUdpMulticastUdpUnicast" tests="1" failures="0" timestamp="4 Mar 2019 13:45:03 GMT" time="15.866" errors="0">
  <testcase name="smokeVersa1aUdpMulticastUdpUnicast" time="15.866" classname="testCasesSmoke.VersaIpSmokeTest.SmokeVersa1aUdpMulticastUdpUnicast"/>
</testsuite> <!-- testCasesSmoke.VersaIpSmokeTest.SmokeVersa1aUdpMulticastUdpUnicast -->
