<?xml version="1.0" encoding="UTF-8"?>
<!-- Generated by org.testng.reporters.JUnitReportReporter -->
<testsuite hostname="sr39-PC" name="testCasesSmoke.VersaIpSmokeTest.C2SmokeVersa3bRtpUnicastRtmpOut" tests="1" failures="0" timestamp="7 Mar 2019 08:19:15 GMT" time="24.117" errors="0">
  <testcase name="smokeVersa3bRtpUnicastRtmpOut" time="24.117" classname="testCasesSmoke.VersaIpSmokeTest.C2SmokeVersa3bRtpUnicastRtmpOut"/>
</testsuite> <!-- testCasesSmoke.VersaIpSmokeTest.C2SmokeVersa3bRtpUnicastRtmpOut -->
