<?xml version="1.0" encoding="UTF-8"?>
<!-- Generated by org.testng.reporters.JUnitReportReporter -->
<testsuite hostname="sr39-PC" name="testCasesSmoke.RawInputSmoke.SmkVrs4bUnicastUdpMp4Out" tests="1" failures="0" timestamp="27 Feb 2019 12:28:52 GMT" time="15.516" errors="0">
  <testcase name="smkVrs4bUnicastUdpMp4Out" time="15.516" classname="testCasesSmoke.RawInputSmoke.SmkVrs4bUnicastUdpMp4Out"/>
</testsuite> <!-- testCasesSmoke.RawInputSmoke.SmkVrs4bUnicastUdpMp4Out -->
