<?xml version="1.0" encoding="UTF-8"?>
<!-- Generated by org.testng.reporters.JUnitReportReporter -->
<testsuite hostname="sr39-PC" name="testCasesSmoke.RawInputSmoke.SmkVrs24SwtrRawImageInHlsOut" tests="1" failures="0" timestamp="6 Mar 2019 08:49:39 GMT" time="15.539" errors="0">
  <testcase name="smkVrs24SwtrRawImageInHlsOut" time="15.539" classname="testCasesSmoke.RawInputSmoke.SmkVrs24SwtrRawImageInHlsOut"/>
</testsuite> <!-- testCasesSmoke.RawInputSmoke.SmkVrs24SwtrRawImageInHlsOut -->
