<?xml version="1.0" encoding="UTF-8"?>
<!-- Generated by org.testng.reporters.JUnitReportReporter -->
<testsuite hostname="sr39-PC" name="testCasesSmoke.TestCasesRunning.Datadriver" tests="66" failures="3" timestamp="7 Mar 2019 06:52:18 GMT" time="1543.346" errors="0">
  <testcase name="jobStartAndStatitics" time="23.650" classname="testCasesSmoke.TestCasesRunning.Datadriver"/>
  <testcase name="jobStartAndStatitics" time="24.755" classname="testCasesSmoke.TestCasesRunning.Datadriver"/>
  <testcase name="jobStartAndStatitics" time="23.846" classname="testCasesSmoke.TestCasesRunning.Datadriver"/>
  <testcase name="jobStartAndStatitics" time="23.355" classname="testCasesSmoke.TestCasesRunning.Datadriver"/>
  <testcase name="jobStartAndStatitics" time="23.394" classname="testCasesSmoke.TestCasesRunning.Datadriver"/>
  <testcase name="jobStartAndStatitics" time="24.202" classname="testCasesSmoke.TestCasesRunning.Datadriver"/>
  <testcase name="jobStartAndStatitics" time="23.097" classname="testCasesSmoke.TestCasesRunning.Datadriver"/>
  <testcase name="jobStartAndStatitics" time="23.787" classname="testCasesSmoke.TestCasesRunning.Datadriver"/>
  <testcase name="jobStartAndStatitics" time="23.385" classname="testCasesSmoke.TestCasesRunning.Datadriver"/>
  <testcase name="jobStartAndStatitics" time="24.521" classname="testCasesSmoke.TestCasesRunning.Datadriver"/>
  <testcase name="jobStartAndStatitics" time="24.286" classname="testCasesSmoke.TestCasesRunning.Datadriver"/>
  <testcase name="jobStartAndStatitics" time="24.075" classname="testCasesSmoke.TestCasesRunning.Datadriver"/>
  <testcase name="jobStartAndStatitics" time="24.601" classname="testCasesSmoke.TestCasesRunning.Datadriver"/>
  <testcase name="jobStartAndStatitics" time="23.112" classname="testCasesSmoke.TestCasesRunning.Datadriver"/>
  <testcase name="jobStartAndStatitics" time="23.959" classname="testCasesSmoke.TestCasesRunning.Datadriver"/>
  <testcase name="jobStartAndStatitics" time="23.817" classname="testCasesSmoke.TestCasesRunning.Datadriver"/>
  <testcase name="jobStartAndStatitics" time="24.666" classname="testCasesSmoke.TestCasesRunning.Datadriver"/>
  <testcase name="jobStartAndStatitics" time="25.223" classname="testCasesSmoke.TestCasesRunning.Datadriver"/>
  <testcase name="jobStartAndStatitics" time="23.422" classname="testCasesSmoke.TestCasesRunning.Datadriver"/>
  <testcase name="jobStartAndStatitics" time="23.852" classname="testCasesSmoke.TestCasesRunning.Datadriver"/>
  <testcase name="jobStartAndStatitics" time="23.257" classname="testCasesSmoke.TestCasesRunning.Datadriver"/>
  <testcase name="jobStartAndStatitics" time="23.992" classname="testCasesSmoke.TestCasesRunning.Datadriver"/>
  <testcase name="jobStartAndStatitics" time="22.927" classname="testCasesSmoke.TestCasesRunning.Datadriver"/>
  <testcase name="jobStartAndStatitics" time="24.645" classname="testCasesSmoke.TestCasesRunning.Datadriver"/>
  <testcase name="jobStartAndStatitics" time="24.056" classname="testCasesSmoke.TestCasesRunning.Datadriver"/>
  <testcase name="jobStartAndStatitics" time="23.331" classname="testCasesSmoke.TestCasesRunning.Datadriver"/>
  <testcase name="jobStartAndStatitics" time="23.994" classname="testCasesSmoke.TestCasesRunning.Datadriver"/>
  <testcase name="jobStartAndStatitics" time="23.908" classname="testCasesSmoke.TestCasesRunning.Datadriver"/>
  <testcase name="jobStartAndStatitics" time="23.279" classname="testCasesSmoke.TestCasesRunning.Datadriver"/>
  <testcase name="jobStartAndStatitics" time="23.568" classname="testCasesSmoke.TestCasesRunning.Datadriver"/>
  <testcase name="jobStartAndStatitics" time="24.143" classname="testCasesSmoke.TestCasesRunning.Datadriver"/>
  <testcase name="jobStartAndStatitics" time="23.683" classname="testCasesSmoke.TestCasesRunning.Datadriver"/>
  <testcase name="jobStartAndStatitics" time="25.089" classname="testCasesSmoke.TestCasesRunning.Datadriver"/>
  <testcase name="jobStartAndStatitics" time="24.043" classname="testCasesSmoke.TestCasesRunning.Datadriver"/>
  <testcase name="jobStartAndStatitics" time="23.782" classname="testCasesSmoke.TestCasesRunning.Datadriver"/>
  <testcase name="jobStartAndStatitics" time="8.473" classname="testCasesSmoke.TestCasesRunning.Datadriver">
    <failure type="org.openqa.selenium.NoSuchElementException" message="no such element: Unable to locate element: {&quot;method&quot;:&quot;xpath&quot;,&quot;selector&quot;:&quot;//a[@data-job_name=&#039;Smkvrs56NDIinUDpout&#039; and @data-type=&#039;start&#039;]&quot;}
  (Session info: chrome=72.0.3626.121)
  (Driver info: chromedriver=2.41.578737 (49da6702b16031c40d63e5618de03a32ff6c197e),platform=Windows NT 6.1.7600 x86_64) (WARNING: The server did not provide any stacktrace information)
Command duration or timeout: 0 milliseconds
For documentation on this error, please visit: http://seleniumhq.org/exceptions/no_such_element.html
Build info: version: &#039;3.14.0&#039;, revision: &#039;aacccce0&#039;, time: &#039;2018-08-02T20:19:58.91Z&#039;
System info: host: &#039;SR39-PC&#039;, ip: &#039;10.0.0.39&#039;, os.name: &#039;Windows 7&#039;, os.arch: &#039;amd64&#039;, os.version: &#039;6.1&#039;, java.version: &#039;1.8.0_92&#039;
Driver info: org.openqa.selenium.chrome.ChromeDriver
Capabilities {acceptInsecureCerts: false, acceptSslCerts: false, applicationCacheEnabled: false, browserConnectionEnabled: false, browserName: chrome, chrome: {chromedriverVersion: 2.41.578737 (49da6702b16031..., userDataDir: C:\Users\sr39\AppData\Local...}, cssSelectorsEnabled: true, databaseEnabled: false, goog:chromeOptions: {debuggerAddress: localhost:9343}, handlesAlerts: true, hasTouchScreen: false, javascriptEnabled: true, locationContextEnabled: true, mobileEmulationEnabled: false, nativeEvents: true, networkConnectionEnabled: false, pageLoadStrategy: normal, platform: XP, platformName: XP, rotatable: false, setWindowRect: true, takesHeapSnapshot: true, takesScreenshot: true, unexpectedAlertBehaviour: , unhandledPromptBehavior: , version: 72.0.3626.121, webStorageEnabled: true}
Session ID: ef4efcaa7c1e12ccb01b75036341d65b
*** Element info: {Using=xpath, value=//a[@data-job_name=&#039;Smkvrs56NDIinUDpout&#039; and @data-type=&#039;start&#039;]}">
      <![CDATA[org.openqa.selenium.NoSuchElementException: no such element: Unable to locate element: {"method":"xpath","selector":"//a[@data-job_name='Smkvrs56NDIinUDpout' and @data-type='start']"}
  (Session info: chrome=72.0.3626.121)
  (Driver info: chromedriver=2.41.578737 (49da6702b16031c40d63e5618de03a32ff6c197e),platform=Windows NT 6.1.7600 x86_64) (WARNING: The server did not provide any stacktrace information)
Command duration or timeout: 0 milliseconds
For documentation on this error, please visit: http://seleniumhq.org/exceptions/no_such_element.html
Build info: version: '3.14.0', revision: 'aacccce0', time: '2018-08-02T20:19:58.91Z'
System info: host: 'SR39-PC', ip: '10.0.0.39', os.name: 'Windows 7', os.arch: 'amd64', os.version: '6.1', java.version: '1.8.0_92'
Driver info: org.openqa.selenium.chrome.ChromeDriver
Capabilities {acceptInsecureCerts: false, acceptSslCerts: false, applicationCacheEnabled: false, browserConnectionEnabled: false, browserName: chrome, chrome: {chromedriverVersion: 2.41.578737 (49da6702b16031..., userDataDir: C:\Users\sr39\AppData\Local...}, cssSelectorsEnabled: true, databaseEnabled: false, goog:chromeOptions: {debuggerAddress: localhost:9343}, handlesAlerts: true, hasTouchScreen: false, javascriptEnabled: true, locationContextEnabled: true, mobileEmulationEnabled: false, nativeEvents: true, networkConnectionEnabled: false, pageLoadStrategy: normal, platform: XP, platformName: XP, rotatable: false, setWindowRect: true, takesHeapSnapshot: true, takesScreenshot: true, unexpectedAlertBehaviour: , unhandledPromptBehavior: , version: 72.0.3626.121, webStorageEnabled: true}
Session ID: ef4efcaa7c1e12ccb01b75036341d65b
*** Element info: {Using=xpath, value=//a[@data-job_name='Smkvrs56NDIinUDpout' and @data-type='start']}
	at sun.reflect.GeneratedConstructorAccessor43.newInstance(Unknown Source)
	at sun.reflect.DelegatingConstructorAccessorImpl.newInstance(Unknown Source)
	at java.lang.reflect.Constructor.newInstance(Unknown Source)
	at org.openqa.selenium.remote.ErrorHandler.createThrowable(ErrorHandler.java:214)
	at org.openqa.selenium.remote.ErrorHandler.throwIfResponseFailed(ErrorHandler.java:166)
	at org.openqa.selenium.remote.http.JsonHttpResponseCodec.reconstructValue(JsonHttpResponseCodec.java:40)
	at org.openqa.selenium.remote.http.AbstractHttpResponseCodec.decode(AbstractHttpResponseCodec.java:80)
	at org.openqa.selenium.remote.http.AbstractHttpResponseCodec.decode(AbstractHttpResponseCodec.java:44)
	at org.openqa.selenium.remote.HttpCommandExecutor.execute(HttpCommandExecutor.java:158)
	at org.openqa.selenium.remote.service.DriverCommandExecutor.execute(DriverCommandExecutor.java:83)
	at org.openqa.selenium.remote.RemoteWebDriver.execute(RemoteWebDriver.java:548)
	at org.openqa.selenium.remote.RemoteWebDriver.findElement(RemoteWebDriver.java:322)
	at org.openqa.selenium.remote.RemoteWebDriver.findElementByXPath(RemoteWebDriver.java:424)
	at org.openqa.selenium.By$ByXPath.findElement(By.java:353)
	at org.openqa.selenium.remote.RemoteWebDriver.findElement(RemoteWebDriver.java:314)
	at testCasesSmoke.TestCasesRunning.Datadriver.jobStartAndStatitics(Datadriver.java:35)
	at sun.reflect.GeneratedMethodAccessor2.invoke(Unknown Source)
	at sun.reflect.DelegatingMethodAccessorImpl.invoke(Unknown Source)
	at java.lang.reflect.Method.invoke(Unknown Source)
	at org.testng.internal.MethodInvocationHelper.invokeMethod(MethodInvocationHelper.java:84)
	at org.testng.internal.Invoker.invokeMethod(Invoker.java:714)
	at org.testng.internal.Invoker.invokeTestMethod(Invoker.java:901)
	at org.testng.internal.Invoker.invokeTestMethods(Invoker.java:1231)
	at org.testng.internal.TestMethodWorker.invokeTestMethods(TestMethodWorker.java:127)
	at org.testng.internal.TestMethodWorker.run(TestMethodWorker.java:111)
	at java.util.concurrent.ThreadPoolExecutor.runWorker(Unknown Source)
	at java.util.concurrent.ThreadPoolExecutor$Worker.run(Unknown Source)
	at java.lang.Thread.run(Unknown Source)
]]>
    </failure>
  </testcase> <!-- jobStartAndStatitics -->
  <testcase name="jobStartAndStatitics" time="24.363" classname="testCasesSmoke.TestCasesRunning.Datadriver"/>
  <testcase name="jobStartAndStatitics" time="23.546" classname="testCasesSmoke.TestCasesRunning.Datadriver"/>
  <testcase name="jobStartAndStatitics" time="24.545" classname="testCasesSmoke.TestCasesRunning.Datadriver"/>
  <testcase name="jobStartAndStatitics" time="33.762" classname="testCasesSmoke.TestCasesRunning.Datadriver"/>
  <testcase name="jobStartAndStatitics" time="23.428" classname="testCasesSmoke.TestCasesRunning.Datadriver"/>
  <testcase name="jobStartAndStatitics" time="23.544" classname="testCasesSmoke.TestCasesRunning.Datadriver"/>
  <testcase name="jobStartAndStatitics" time="24.137" classname="testCasesSmoke.TestCasesRunning.Datadriver"/>
  <testcase name="jobStartAndStatitics" time="23.825" classname="testCasesSmoke.TestCasesRunning.Datadriver"/>
  <testcase name="jobStartAndStatitics" time="24.421" classname="testCasesSmoke.TestCasesRunning.Datadriver"/>
  <testcase name="jobStartAndStatitics" time="23.906" classname="testCasesSmoke.TestCasesRunning.Datadriver"/>
  <testcase name="jobStartAndStatitics" time="23.138" classname="testCasesSmoke.TestCasesRunning.Datadriver"/>
  <testcase name="jobStartAndStatitics" time="24.572" classname="testCasesSmoke.TestCasesRunning.Datadriver"/>
  <testcase name="jobStartAndStatitics" time="24.017" classname="testCasesSmoke.TestCasesRunning.Datadriver"/>
  <testcase name="jobStartAndStatitics" time="24.127" classname="testCasesSmoke.TestCasesRunning.Datadriver"/>
  <testcase name="jobStartAndStatitics" time="23.615" classname="testCasesSmoke.TestCasesRunning.Datadriver"/>
  <testcase name="jobStartAndStatitics" time="23.831" classname="testCasesSmoke.TestCasesRunning.Datadriver"/>
  <testcase name="jobStartAndStatitics" time="24.488" classname="testCasesSmoke.TestCasesRunning.Datadriver"/>
  <testcase name="jobStartAndStatitics" time="23.170" classname="testCasesSmoke.TestCasesRunning.Datadriver"/>
  <testcase name="jobStartAndStatitics" time="24.427" classname="testCasesSmoke.TestCasesRunning.Datadriver"/>
  <testcase name="jobStartAndStatitics" time="23.532" classname="testCasesSmoke.TestCasesRunning.Datadriver"/>
  <testcase name="jobStartAndStatitics" time="23.893" classname="testCasesSmoke.TestCasesRunning.Datadriver"/>
  <testcase name="jobStartAndStatitics" time="23.672" classname="testCasesSmoke.TestCasesRunning.Datadriver"/>
  <testcase name="jobStartAndStatitics" time="24.537" classname="testCasesSmoke.TestCasesRunning.Datadriver"/>
  <testcase name="jobStartAndStatitics" time="23.296" classname="testCasesSmoke.TestCasesRunning.Datadriver"/>
  <testcase name="jobStartAndStatitics" time="24.337" classname="testCasesSmoke.TestCasesRunning.Datadriver"/>
  <testcase name="jobStartAndStatitics" time="24.171" classname="testCasesSmoke.TestCasesRunning.Datadriver"/>
  <testcase name="jobStartAndStatitics" time="24.453" classname="testCasesSmoke.TestCasesRunning.Datadriver"/>
  <testcase name="jobStartAndStatitics" time="24.899" classname="testCasesSmoke.TestCasesRunning.Datadriver"/>
  <testcase name="jobStartAndStatitics" time="8.173" classname="testCasesSmoke.TestCasesRunning.Datadriver">
    <failure type="org.openqa.selenium.NoSuchElementException" message="no such element: Unable to locate element: {&quot;method&quot;:&quot;xpath&quot;,&quot;selector&quot;:&quot;//a[@data-job_name=&#039;Smkvrs56NDIinUDpout&#039; and @data-type=&#039;stop&#039;]&quot;}
  (Session info: chrome=72.0.3626.121)
  (Driver info: chromedriver=2.41.578737 (49da6702b16031c40d63e5618de03a32ff6c197e),platform=Windows NT 6.1.7600 x86_64) (WARNING: The server did not provide any stacktrace information)
Command duration or timeout: 0 milliseconds
For documentation on this error, please visit: http://seleniumhq.org/exceptions/no_such_element.html
Build info: version: &#039;3.14.0&#039;, revision: &#039;aacccce0&#039;, time: &#039;2018-08-02T20:19:58.91Z&#039;
System info: host: &#039;SR39-PC&#039;, ip: &#039;10.0.0.39&#039;, os.name: &#039;Windows 7&#039;, os.arch: &#039;amd64&#039;, os.version: &#039;6.1&#039;, java.version: &#039;1.8.0_92&#039;
Driver info: org.openqa.selenium.chrome.ChromeDriver
Capabilities {acceptInsecureCerts: false, acceptSslCerts: false, applicationCacheEnabled: false, browserConnectionEnabled: false, browserName: chrome, chrome: {chromedriverVersion: 2.41.578737 (49da6702b16031..., userDataDir: C:\Users\sr39\AppData\Local...}, cssSelectorsEnabled: true, databaseEnabled: false, goog:chromeOptions: {debuggerAddress: localhost:9343}, handlesAlerts: true, hasTouchScreen: false, javascriptEnabled: true, locationContextEnabled: true, mobileEmulationEnabled: false, nativeEvents: true, networkConnectionEnabled: false, pageLoadStrategy: normal, platform: XP, platformName: XP, rotatable: false, setWindowRect: true, takesHeapSnapshot: true, takesScreenshot: true, unexpectedAlertBehaviour: , unhandledPromptBehavior: , version: 72.0.3626.121, webStorageEnabled: true}
Session ID: ef4efcaa7c1e12ccb01b75036341d65b
*** Element info: {Using=xpath, value=//a[@data-job_name=&#039;Smkvrs56NDIinUDpout&#039; and @data-type=&#039;stop&#039;]}">
      <![CDATA[org.openqa.selenium.NoSuchElementException: no such element: Unable to locate element: {"method":"xpath","selector":"//a[@data-job_name='Smkvrs56NDIinUDpout' and @data-type='stop']"}
  (Session info: chrome=72.0.3626.121)
  (Driver info: chromedriver=2.41.578737 (49da6702b16031c40d63e5618de03a32ff6c197e),platform=Windows NT 6.1.7600 x86_64) (WARNING: The server did not provide any stacktrace information)
Command duration or timeout: 0 milliseconds
For documentation on this error, please visit: http://seleniumhq.org/exceptions/no_such_element.html
Build info: version: '3.14.0', revision: 'aacccce0', time: '2018-08-02T20:19:58.91Z'
System info: host: 'SR39-PC', ip: '10.0.0.39', os.name: 'Windows 7', os.arch: 'amd64', os.version: '6.1', java.version: '1.8.0_92'
Driver info: org.openqa.selenium.chrome.ChromeDriver
Capabilities {acceptInsecureCerts: false, acceptSslCerts: false, applicationCacheEnabled: false, browserConnectionEnabled: false, browserName: chrome, chrome: {chromedriverVersion: 2.41.578737 (49da6702b16031..., userDataDir: C:\Users\sr39\AppData\Local...}, cssSelectorsEnabled: true, databaseEnabled: false, goog:chromeOptions: {debuggerAddress: localhost:9343}, handlesAlerts: true, hasTouchScreen: false, javascriptEnabled: true, locationContextEnabled: true, mobileEmulationEnabled: false, nativeEvents: true, networkConnectionEnabled: false, pageLoadStrategy: normal, platform: XP, platformName: XP, rotatable: false, setWindowRect: true, takesHeapSnapshot: true, takesScreenshot: true, unexpectedAlertBehaviour: , unhandledPromptBehavior: , version: 72.0.3626.121, webStorageEnabled: true}
Session ID: ef4efcaa7c1e12ccb01b75036341d65b
*** Element info: {Using=xpath, value=//a[@data-job_name='Smkvrs56NDIinUDpout' and @data-type='stop']}
	at sun.reflect.GeneratedConstructorAccessor43.newInstance(Unknown Source)
	at sun.reflect.DelegatingConstructorAccessorImpl.newInstance(Unknown Source)
	at java.lang.reflect.Constructor.newInstance(Unknown Source)
	at org.openqa.selenium.remote.ErrorHandler.createThrowable(ErrorHandler.java:214)
	at org.openqa.selenium.remote.ErrorHandler.throwIfResponseFailed(ErrorHandler.java:166)
	at org.openqa.selenium.remote.http.JsonHttpResponseCodec.reconstructValue(JsonHttpResponseCodec.java:40)
	at org.openqa.selenium.remote.http.AbstractHttpResponseCodec.decode(AbstractHttpResponseCodec.java:80)
	at org.openqa.selenium.remote.http.AbstractHttpResponseCodec.decode(AbstractHttpResponseCodec.java:44)
	at org.openqa.selenium.remote.HttpCommandExecutor.execute(HttpCommandExecutor.java:158)
	at org.openqa.selenium.remote.service.DriverCommandExecutor.execute(DriverCommandExecutor.java:83)
	at org.openqa.selenium.remote.RemoteWebDriver.execute(RemoteWebDriver.java:548)
	at org.openqa.selenium.remote.RemoteWebDriver.findElement(RemoteWebDriver.java:322)
	at org.openqa.selenium.remote.RemoteWebDriver.findElementByXPath(RemoteWebDriver.java:424)
	at org.openqa.selenium.By$ByXPath.findElement(By.java:353)
	at org.openqa.selenium.remote.RemoteWebDriver.findElement(RemoteWebDriver.java:314)
	at testCasesSmoke.TestCasesRunning.Datadriver.jobStartAndStatitics(Datadriver.java:35)
	at sun.reflect.GeneratedMethodAccessor2.invoke(Unknown Source)
	at sun.reflect.DelegatingMethodAccessorImpl.invoke(Unknown Source)
	at java.lang.reflect.Method.invoke(Unknown Source)
	at org.testng.internal.MethodInvocationHelper.invokeMethod(MethodInvocationHelper.java:84)
	at org.testng.internal.Invoker.invokeMethod(Invoker.java:714)
	at org.testng.internal.Invoker.invokeTestMethod(Invoker.java:901)
	at org.testng.internal.Invoker.invokeTestMethods(Invoker.java:1231)
	at org.testng.internal.TestMethodWorker.invokeTestMethods(TestMethodWorker.java:127)
	at org.testng.internal.TestMethodWorker.run(TestMethodWorker.java:111)
	at java.util.concurrent.ThreadPoolExecutor.runWorker(Unknown Source)
	at java.util.concurrent.ThreadPoolExecutor$Worker.run(Unknown Source)
	at java.lang.Thread.run(Unknown Source)
]]>
    </failure>
  </testcase> <!-- jobStartAndStatitics -->
  <testcase name="jobStartAndStatitics" time="8.346" classname="testCasesSmoke.TestCasesRunning.Datadriver">
    <failure type="org.openqa.selenium.NoSuchElementException" message="no such element: Unable to locate element: {&quot;method&quot;:&quot;xpath&quot;,&quot;selector&quot;:&quot;//a[@data-job_name=&#039;SmkVrs28SctePerodic&#039; and @data-type=&#039;stop&#039;]&quot;}
  (Session info: chrome=72.0.3626.121)
  (Driver info: chromedriver=2.41.578737 (49da6702b16031c40d63e5618de03a32ff6c197e),platform=Windows NT 6.1.7600 x86_64) (WARNING: The server did not provide any stacktrace information)
Command duration or timeout: 0 milliseconds
For documentation on this error, please visit: http://seleniumhq.org/exceptions/no_such_element.html
Build info: version: &#039;3.14.0&#039;, revision: &#039;aacccce0&#039;, time: &#039;2018-08-02T20:19:58.91Z&#039;
System info: host: &#039;SR39-PC&#039;, ip: &#039;10.0.0.39&#039;, os.name: &#039;Windows 7&#039;, os.arch: &#039;amd64&#039;, os.version: &#039;6.1&#039;, java.version: &#039;1.8.0_92&#039;
Driver info: org.openqa.selenium.chrome.ChromeDriver
Capabilities {acceptInsecureCerts: false, acceptSslCerts: false, applicationCacheEnabled: false, browserConnectionEnabled: false, browserName: chrome, chrome: {chromedriverVersion: 2.41.578737 (49da6702b16031..., userDataDir: C:\Users\sr39\AppData\Local...}, cssSelectorsEnabled: true, databaseEnabled: false, goog:chromeOptions: {debuggerAddress: localhost:9343}, handlesAlerts: true, hasTouchScreen: false, javascriptEnabled: true, locationContextEnabled: true, mobileEmulationEnabled: false, nativeEvents: true, networkConnectionEnabled: false, pageLoadStrategy: normal, platform: XP, platformName: XP, rotatable: false, setWindowRect: true, takesHeapSnapshot: true, takesScreenshot: true, unexpectedAlertBehaviour: , unhandledPromptBehavior: , version: 72.0.3626.121, webStorageEnabled: true}
Session ID: ef4efcaa7c1e12ccb01b75036341d65b
*** Element info: {Using=xpath, value=//a[@data-job_name=&#039;SmkVrs28SctePerodic&#039; and @data-type=&#039;stop&#039;]}">
      <![CDATA[org.openqa.selenium.NoSuchElementException: no such element: Unable to locate element: {"method":"xpath","selector":"//a[@data-job_name='SmkVrs28SctePerodic' and @data-type='stop']"}
  (Session info: chrome=72.0.3626.121)
  (Driver info: chromedriver=2.41.578737 (49da6702b16031c40d63e5618de03a32ff6c197e),platform=Windows NT 6.1.7600 x86_64) (WARNING: The server did not provide any stacktrace information)
Command duration or timeout: 0 milliseconds
For documentation on this error, please visit: http://seleniumhq.org/exceptions/no_such_element.html
Build info: version: '3.14.0', revision: 'aacccce0', time: '2018-08-02T20:19:58.91Z'
System info: host: 'SR39-PC', ip: '10.0.0.39', os.name: 'Windows 7', os.arch: 'amd64', os.version: '6.1', java.version: '1.8.0_92'
Driver info: org.openqa.selenium.chrome.ChromeDriver
Capabilities {acceptInsecureCerts: false, acceptSslCerts: false, applicationCacheEnabled: false, browserConnectionEnabled: false, browserName: chrome, chrome: {chromedriverVersion: 2.41.578737 (49da6702b16031..., userDataDir: C:\Users\sr39\AppData\Local...}, cssSelectorsEnabled: true, databaseEnabled: false, goog:chromeOptions: {debuggerAddress: localhost:9343}, handlesAlerts: true, hasTouchScreen: false, javascriptEnabled: true, locationContextEnabled: true, mobileEmulationEnabled: false, nativeEvents: true, networkConnectionEnabled: false, pageLoadStrategy: normal, platform: XP, platformName: XP, rotatable: false, setWindowRect: true, takesHeapSnapshot: true, takesScreenshot: true, unexpectedAlertBehaviour: , unhandledPromptBehavior: , version: 72.0.3626.121, webStorageEnabled: true}
Session ID: ef4efcaa7c1e12ccb01b75036341d65b
*** Element info: {Using=xpath, value=//a[@data-job_name='SmkVrs28SctePerodic' and @data-type='stop']}
	at sun.reflect.GeneratedConstructorAccessor43.newInstance(Unknown Source)
	at sun.reflect.DelegatingConstructorAccessorImpl.newInstance(Unknown Source)
	at java.lang.reflect.Constructor.newInstance(Unknown Source)
	at org.openqa.selenium.remote.ErrorHandler.createThrowable(ErrorHandler.java:214)
	at org.openqa.selenium.remote.ErrorHandler.throwIfResponseFailed(ErrorHandler.java:166)
	at org.openqa.selenium.remote.http.JsonHttpResponseCodec.reconstructValue(JsonHttpResponseCodec.java:40)
	at org.openqa.selenium.remote.http.AbstractHttpResponseCodec.decode(AbstractHttpResponseCodec.java:80)
	at org.openqa.selenium.remote.http.AbstractHttpResponseCodec.decode(AbstractHttpResponseCodec.java:44)
	at org.openqa.selenium.remote.HttpCommandExecutor.execute(HttpCommandExecutor.java:158)
	at org.openqa.selenium.remote.service.DriverCommandExecutor.execute(DriverCommandExecutor.java:83)
	at org.openqa.selenium.remote.RemoteWebDriver.execute(RemoteWebDriver.java:548)
	at org.openqa.selenium.remote.RemoteWebDriver.findElement(RemoteWebDriver.java:322)
	at org.openqa.selenium.remote.RemoteWebDriver.findElementByXPath(RemoteWebDriver.java:424)
	at org.openqa.selenium.By$ByXPath.findElement(By.java:353)
	at org.openqa.selenium.remote.RemoteWebDriver.findElement(RemoteWebDriver.java:314)
	at testCasesSmoke.TestCasesRunning.Datadriver.jobStartAndStatitics(Datadriver.java:35)
	at sun.reflect.GeneratedMethodAccessor2.invoke(Unknown Source)
	at sun.reflect.DelegatingMethodAccessorImpl.invoke(Unknown Source)
	at java.lang.reflect.Method.invoke(Unknown Source)
	at org.testng.internal.MethodInvocationHelper.invokeMethod(MethodInvocationHelper.java:84)
	at org.testng.internal.Invoker.invokeMethod(Invoker.java:714)
	at org.testng.internal.Invoker.invokeTestMethod(Invoker.java:901)
	at org.testng.internal.Invoker.invokeTestMethods(Invoker.java:1231)
	at org.testng.internal.TestMethodWorker.invokeTestMethods(TestMethodWorker.java:127)
	at org.testng.internal.TestMethodWorker.run(TestMethodWorker.java:111)
	at java.util.concurrent.ThreadPoolExecutor.runWorker(Unknown Source)
	at java.util.concurrent.ThreadPoolExecutor$Worker.run(Unknown Source)
	at java.lang.Thread.run(Unknown Source)
]]>
    </failure>
  </testcase> <!-- jobStartAndStatitics -->
</testsuite> <!-- testCasesSmoke.TestCasesRunning.Datadriver -->
