<?xml version="1.0" encoding="UTF-8"?>
<!-- Generated by org.testng.reporters.JUnitReportReporter -->
<testsuite hostname="sr39-PC" name="testCasesSmoke.VersaIpSmokeTest.Smkvrs55UdpInNDIout" tests="1" failures="0" timestamp="4 Mar 2019 13:45:03 GMT" time="15.620" errors="0">
  <testcase name="smkvrs55UdpInNDIout" time="15.620" classname="testCasesSmoke.VersaIpSmokeTest.Smkvrs55UdpInNDIout"/>
</testsuite> <!-- testCasesSmoke.VersaIpSmokeTest.Smkvrs55UdpInNDIout -->
