<?xml version="1.0" encoding="UTF-8"?>
<!-- Generated by org.testng.reporters.JUnitReportReporter -->
<testsuite hostname="sr39-PC" name="testCasesSmoke.VersaIpSmokeTest.B4SmokeVrs2dRtmpInputrtmpOutputjob" tests="1" failures="0" timestamp="1 Mar 2019 04:02:43 GMT" time="16.047" errors="0">
  <testcase name="smokeVrs2dRtmpInputrtmpOutputjob" time="16.047" classname="testCasesSmoke.VersaIpSmokeTest.B4SmokeVrs2dRtmpInputrtmpOutputjob"/>
</testsuite> <!-- testCasesSmoke.VersaIpSmokeTest.B4SmokeVrs2dRtmpInputrtmpOutputjob -->
