<?xml version="1.0" encoding="UTF-8"?>
<!-- Generated by org.testng.reporters.JUnitReportReporter -->
<testsuite hostname="sr39-PC" name="testCasesSmoke.VersaIpSmokeTest.AAAFileUpload" tests="1" failures="0" timestamp="4 Mar 2019 13:45:03 GMT" time="27.338" errors="0">
  <testcase name="mp4_file" time="27.338" classname="testCasesSmoke.VersaIpSmokeTest.AAAFileUpload"/>
</testsuite> <!-- testCasesSmoke.VersaIpSmokeTest.AAAFileUpload -->
