<?xml version="1.0" encoding="UTF-8"?>
<!-- Generated by org.testng.reporters.JUnitReportReporter -->
<testsuite hostname="sr39-PC" name="testCasesSmoke.VersaIpSmokeTest.A3Smokevrs1cRtpUnicastUdpunicastjob" tests="1" failures="0" timestamp="1 Mar 2019 04:02:43 GMT" time="16.940" errors="0">
  <testcase name="smokevrs1cRtpUnicastUdpunicastjob" time="16.940" classname="testCasesSmoke.VersaIpSmokeTest.A3Smokevrs1cRtpUnicastUdpunicastjob"/>
</testsuite> <!-- testCasesSmoke.VersaIpSmokeTest.A3Smokevrs1cRtpUnicastUdpunicastjob -->
