<?xml version="1.0" encoding="UTF-8"?>
<!-- Generated by org.testng.reporters.JUnitReportReporter -->
<testsuite hostname="sr39-PC" name="testCasesSmoke.VersaIpSmokeTest.Smkvrs55UdpInNDIout" tests="1" failures="0" timestamp="1 Mar 2019 04:02:43 GMT" time="16.373" errors="0">
  <testcase name="smkvrs55UdpInNDIout" time="16.373" classname="testCasesSmoke.VersaIpSmokeTest.Smkvrs55UdpInNDIout"/>
</testsuite> <!-- testCasesSmoke.VersaIpSmokeTest.Smkvrs55UdpInNDIout -->
