<?xml version="1.0" encoding="UTF-8"?>
<!-- Generated by org.testng.reporters.JUnitReportReporter -->
<testsuite hostname="sr39-PC" name="testCasesSmoke.VersaIpSmokeTest.SmkVrs52UDPInSrtServer" tests="1" failures="0" timestamp="1 Mar 2019 04:02:43 GMT" time="17.758" errors="0">
  <testcase name="smkVrs52UDPInSrtServer" time="17.758" classname="testCasesSmoke.VersaIpSmokeTest.SmkVrs52UDPInSrtServer"/>
</testsuite> <!-- testCasesSmoke.VersaIpSmokeTest.SmkVrs52UDPInSrtServer -->
