<?xml version="1.0" encoding="UTF-8"?>
<!-- Generated by org.testng.reporters.JUnitReportReporter -->
<testsuite hostname="sr39-PC" name="testCasesSmoke.scteSmoketestcases.SmkVrs33MltProScteInband" tests="1" failures="0" timestamp="7 Mar 2019 08:19:15 GMT" time="32.805" errors="0">
  <testcase name="smkVrs33MltProScteInband" time="32.805" classname="testCasesSmoke.scteSmoketestcases.SmkVrs33MltProScteInband"/>
</testsuite> <!-- testCasesSmoke.scteSmoketestcases.SmkVrs33MltProScteInband -->
