<?xml version="1.0" encoding="UTF-8"?>
<!-- Generated by org.testng.reporters.JUnitReportReporter -->
<testsuite hostname="sr39-PC" name="testCasesSmoke.VersaIpSmokeTest.E2SmokeVersa7BMp4OutMp4Input" tests="1" failures="0" timestamp="7 Mar 2019 08:19:15 GMT" time="23.672" errors="0">
  <testcase name="smokeVersa7BMp4OutMp4Input" time="23.672" classname="testCasesSmoke.VersaIpSmokeTest.E2SmokeVersa7BMp4OutMp4Input"/>
</testsuite> <!-- testCasesSmoke.VersaIpSmokeTest.E2SmokeVersa7BMp4OutMp4Input -->
