<?xml version="1.0" encoding="UTF-8"?>
<!-- Generated by org.testng.reporters.JUnitReportReporter -->
<testsuite hostname="sr39-PC" name="testCasesSmoke.RawInputSmoke.SmkVrs4bUnicastUdpMp4Out" tests="1" failures="0" timestamp="7 Mar 2019 08:19:15 GMT" time="27.713" errors="0">
  <testcase name="smkVrs4bUnicastUdpMp4Out" time="27.713" classname="testCasesSmoke.RawInputSmoke.SmkVrs4bUnicastUdpMp4Out"/>
</testsuite> <!-- testCasesSmoke.RawInputSmoke.SmkVrs4bUnicastUdpMp4Out -->
