<?xml version="1.0" encoding="UTF-8"?>
<!-- Generated by org.testng.reporters.JUnitReportReporter -->
<testsuite hostname="sr39-PC" name="testCasesSmoke.scteSmoketestcases.SmkVrs32MltProSctePerodic" tests="1" failures="0" timestamp="4 Mar 2019 13:45:03 GMT" time="28.542" errors="0">
  <testcase name="smkVrs32MltProSctePerodic" time="28.542" classname="testCasesSmoke.scteSmoketestcases.SmkVrs32MltProSctePerodic"/>
</testsuite> <!-- testCasesSmoke.scteSmoketestcases.SmkVrs32MltProSctePerodic -->
