<?xml version="1.0" encoding="UTF-8"?>
<!-- Generated by org.testng.reporters.JUnitReportReporter -->
<testsuite hostname="sr39-PC" name="testCasesSmoke.VersaIpSmokeTest.C3SmokeVersa3CRtmpInRtpUnicast" tests="1" failures="0" timestamp="4 Mar 2019 13:45:03 GMT" time="16.322" errors="0">
  <testcase name="smokeVersa3CRtmpInRtpUnicast" time="16.322" classname="testCasesSmoke.VersaIpSmokeTest.C3SmokeVersa3CRtmpInRtpUnicast"/>
</testsuite> <!-- testCasesSmoke.VersaIpSmokeTest.C3SmokeVersa3CRtmpInRtpUnicast -->
