<?xml version="1.0" encoding="UTF-8"?>
<!-- Generated by org.testng.reporters.JUnitReportReporter -->
<testsuite hostname="sr39-PC" name="testCasesSmoke.XportSmokeTest.SmokeXport_SRTclient_UDP" tests="1" failures="0" timestamp="4 Mar 2019 13:45:03 GMT" time="17.166" errors="0">
  <testcase name="smokeXport_SRTclient_UDP" time="17.166" classname="testCasesSmoke.XportSmokeTest.SmokeXport_SRTclient_UDP"/>
</testsuite> <!-- testCasesSmoke.XportSmokeTest.SmokeXport_SRTclient_UDP -->
