<?xml version="1.0" encoding="UTF-8"?>
<!-- Generated by org.testng.reporters.JUnitReportReporter -->
<testsuite hostname="sr39-PC" name="testCasesSmoke.VersaIpSmokeTest.B3Smokevrs2cUdpunicastRTMPjob" tests="1" failures="0" timestamp="1 Mar 2019 04:02:43 GMT" time="17.103" errors="0">
  <testcase name="smokevrs2cUdpunicastRTMPjob" time="17.103" classname="testCasesSmoke.VersaIpSmokeTest.B3Smokevrs2cUdpunicastRTMPjob"/>
</testsuite> <!-- testCasesSmoke.VersaIpSmokeTest.B3Smokevrs2cUdpunicastRTMPjob -->
