<?xml version="1.0" encoding="UTF-8"?>
<!-- Generated by org.testng.reporters.JUnitReportReporter -->
<testsuite hostname="sr39-PC" name="testCasesSmoke.VersaIpSmokeTest.A1SmokeVersa1aUdpMulticastUdpUnicast" tests="1" failures="0" timestamp="1 Mar 2019 04:02:43 GMT" time="16.698" errors="0">
  <testcase name="smokeVersa1aUdpMulticastUdpUnicast" time="16.698" classname="testCasesSmoke.VersaIpSmokeTest.A1SmokeVersa1aUdpMulticastUdpUnicast"/>
</testsuite> <!-- testCasesSmoke.VersaIpSmokeTest.A1SmokeVersa1aUdpMulticastUdpUnicast -->
