<?xml version="1.0" encoding="UTF-8"?>
<!-- Generated by org.testng.reporters.JUnitReportReporter -->
<testsuite hostname="sr39-PC" name="testCasesSmoke.VersaIpSmokeTest.SmokeVersa9ImageInUdpOut" tests="1" failures="0" timestamp="4 Mar 2019 13:45:03 GMT" time="15.048" errors="0">
  <testcase name="smokeVersa9ImageInUdpOut" time="15.048" classname="testCasesSmoke.VersaIpSmokeTest.SmokeVersa9ImageInUdpOut"/>
</testsuite> <!-- testCasesSmoke.VersaIpSmokeTest.SmokeVersa9ImageInUdpOut -->
