<?xml version="1.0" encoding="UTF-8"?>
<!-- Generated by org.testng.reporters.JUnitReportReporter -->
<testsuite hostname="sr39-PC" name="testCasesSmoke.VersaIpSmokeTest.SmokeVersa9ImageInUdpOut" tests="1" failures="0" timestamp="7 Mar 2019 08:19:15 GMT" time="19.821" errors="0">
  <testcase name="smokeVersa9ImageInUdpOut" time="19.821" classname="testCasesSmoke.VersaIpSmokeTest.SmokeVersa9ImageInUdpOut"/>
</testsuite> <!-- testCasesSmoke.VersaIpSmokeTest.SmokeVersa9ImageInUdpOut -->
