<?xml version="1.0" encoding="UTF-8"?>
<!-- Generated by org.testng.reporters.JUnitReportReporter -->
<testsuite hostname="sr39-PC" name="testCasesSmoke.RawInputSmoke.SmkVrs41ScteCueOuInFileInRawOut" tests="1" failures="0" timestamp="27 Feb 2019 13:23:15 GMT" time="18.536" errors="0">
  <testcase name="smkVrs41ScteCueOuInFileInRawOut" time="18.536" classname="testCasesSmoke.RawInputSmoke.SmkVrs41ScteCueOuInFileInRawOut"/>
</testsuite> <!-- testCasesSmoke.RawInputSmoke.SmkVrs41ScteCueOuInFileInRawOut -->
