<?xml version="1.0" encoding="UTF-8"?>
<!-- Generated by org.testng.reporters.JUnitReportReporter -->
<testsuite hostname="sr39-PC" name="testCasesSmoke.VersaIpSmokeTest.SmokeVersa12FileInWowzaRTmp" tests="1" failures="0" timestamp="4 Mar 2019 13:45:03 GMT" time="20.058" errors="0">
  <testcase name="smokeVersa12FileInWowzaRTmp" time="20.058" classname="testCasesSmoke.VersaIpSmokeTest.SmokeVersa12FileInWowzaRTmp"/>
</testsuite> <!-- testCasesSmoke.VersaIpSmokeTest.SmokeVersa12FileInWowzaRTmp -->
