<?xml version="1.0" encoding="UTF-8"?>
<!-- Generated by org.testng.reporters.JUnitReportReporter -->
<testsuite hostname="sr39-PC" name="testCasesSmoke.VersaIpSmokeTest.SmokeVersa12FileInWowzaRTmp" tests="1" failures="0" timestamp="1 Mar 2019 04:02:43 GMT" time="20.817" errors="0">
  <testcase name="smokeVersa12FileInWowzaRTmp" time="20.817" classname="testCasesSmoke.VersaIpSmokeTest.SmokeVersa12FileInWowzaRTmp"/>
</testsuite> <!-- testCasesSmoke.VersaIpSmokeTest.SmokeVersa12FileInWowzaRTmp -->
