<?xml version="1.0" encoding="UTF-8"?>
<!-- Generated by org.testng.reporters.JUnitReportReporter -->
<testsuite hostname="sr39-PC" name="testCasesSmoke.VersaIpSmokeTest.C2SmokeVersa3bRtpUnicastRtmpOut" tests="1" failures="0" timestamp="1 Mar 2019 04:02:43 GMT" time="18.433" errors="0">
  <testcase name="smokeVersa3bRtpUnicastRtmpOut" time="18.433" classname="testCasesSmoke.VersaIpSmokeTest.C2SmokeVersa3bRtpUnicastRtmpOut"/>
</testsuite> <!-- testCasesSmoke.VersaIpSmokeTest.C2SmokeVersa3bRtpUnicastRtmpOut -->
