<?xml version="1.0" encoding="UTF-8"?>
<!-- Generated by org.testng.reporters.JUnitReportReporter -->
<testsuite hostname="sr39-PC" name="testCasesSmoke.VersaIpSmokeTest.C3SmokeVersa3CRtmpInRtpUnicast" tests="1" failures="0" timestamp="1 Mar 2019 04:02:43 GMT" time="16.834" errors="0">
  <testcase name="smokeVersa3CRtmpInRtpUnicast" time="16.834" classname="testCasesSmoke.VersaIpSmokeTest.C3SmokeVersa3CRtmpInRtpUnicast"/>
</testsuite> <!-- testCasesSmoke.VersaIpSmokeTest.C3SmokeVersa3CRtmpInRtpUnicast -->
