<?xml version="1.0" encoding="UTF-8"?>
<!-- Generated by org.testng.reporters.JUnitReportReporter -->
<testsuite hostname="sr39-PC" name="testCasesSmoke.VersaIpSmokeTest.SmokeVersa11UdpMulProfStreamerHLs" tests="1" failures="0" timestamp="4 Mar 2019 13:45:03 GMT" time="23.024" errors="0">
  <testcase name="smokeVersa11UdpMulProfStreamerHLs" time="23.024" classname="testCasesSmoke.VersaIpSmokeTest.SmokeVersa11UdpMulProfStreamerHLs"/>
</testsuite> <!-- testCasesSmoke.VersaIpSmokeTest.SmokeVersa11UdpMulProfStreamerHLs -->
