<?xml version="1.0" encoding="UTF-8"?>
<!-- Generated by org.testng.reporters.JUnitReportReporter -->
<testsuite hostname="sr39-PC" name="testCasesSmoke.VersaIpSmokeTest.SmokeVersa10MulticastRTPmultiOut" tests="1" failures="0" timestamp="4 Mar 2019 13:45:03 GMT" time="26.470" errors="0">
  <testcase name="smokeVersa10MulticastRTPmultiOut" time="26.470" classname="testCasesSmoke.VersaIpSmokeTest.SmokeVersa10MulticastRTPmultiOut"/>
</testsuite> <!-- testCasesSmoke.VersaIpSmokeTest.SmokeVersa10MulticastRTPmultiOut -->
