<?xml version="1.0" encoding="UTF-8"?>
<!-- Generated by org.testng.reporters.JUnitReportReporter -->
<testsuite hostname="sr39-PC" name="testCasesSmoke.VersaIpSmokeTest.SmkVrs58QualityOpt" tests="1" failures="0" timestamp="4 Mar 2019 13:45:03 GMT" time="16.733" errors="0">
  <testcase name="smkVrs58QualityOpt" time="16.733" classname="testCasesSmoke.VersaIpSmokeTest.SmkVrs58QualityOpt"/>
</testsuite> <!-- testCasesSmoke.VersaIpSmokeTest.SmkVrs58QualityOpt -->
