<?xml version="1.0" encoding="UTF-8"?>
<!-- Generated by org.testng.reporters.JUnitReportReporter -->
<testsuite hostname="sr39-PC" name="testCasesSmoke.VersaIpSmokeTest.SmokeVersa12FileInWowzaRTmp" tests="1" failures="0" timestamp="7 Mar 2019 08:19:15 GMT" time="57.646" errors="0">
  <testcase name="smokeVersa12FileInWowzaRTmp" time="57.646" classname="testCasesSmoke.VersaIpSmokeTest.SmokeVersa12FileInWowzaRTmp"/>
</testsuite> <!-- testCasesSmoke.VersaIpSmokeTest.SmokeVersa12FileInWowzaRTmp -->
