<?xml version="1.0" encoding="UTF-8"?>
<!-- Generated by org.testng.reporters.JUnitReportReporter -->
<testsuite hostname="sr39-PC" name="testCasesSmoke.VersaIpSmokeTest.SmokeVersa1aUdpMulticastUdpUnicast" tests="1" failures="0" timestamp="6 Mar 2019 09:17:11 GMT" time="15.511" errors="0">
  <testcase name="smokeVersa1aUdpMulticastUdpUnicast" time="15.511" classname="testCasesSmoke.VersaIpSmokeTest.SmokeVersa1aUdpMulticastUdpUnicast"/>
</testsuite> <!-- testCasesSmoke.VersaIpSmokeTest.SmokeVersa1aUdpMulticastUdpUnicast -->
