<?xml version="1.0" encoding="UTF-8"?>
<!-- Generated by org.testng.reporters.JUnitReportReporter -->
<testsuite hostname="sr39-PC" name="testCasesSmoke.RawInputSmoke.SmkVrs46MgwlInDash" tests="1" failures="0" timestamp="27 Feb 2019 12:28:52 GMT" time="14.601" errors="0">
  <testcase name="smkVrs46MgwlInDash" time="14.601" classname="testCasesSmoke.RawInputSmoke.SmkVrs46MgwlInDash"/>
</testsuite> <!-- testCasesSmoke.RawInputSmoke.SmkVrs46MgwlInDash -->
