<?xml version="1.0" encoding="UTF-8"?>
<!-- Generated by org.testng.reporters.JUnitReportReporter -->
<testsuite hostname="sr39-PC" name="testCasesSmoke.VersaIpSmokeTest.C2SmokeVersa3bRtpUnicastRtmpOut" tests="1" failures="0" timestamp="4 Mar 2019 13:45:03 GMT" time="16.855" errors="0">
  <testcase name="smokeVersa3bRtpUnicastRtmpOut" time="16.855" classname="testCasesSmoke.VersaIpSmokeTest.C2SmokeVersa3bRtpUnicastRtmpOut"/>
</testsuite> <!-- testCasesSmoke.VersaIpSmokeTest.C2SmokeVersa3bRtpUnicastRtmpOut -->
