<?xml version="1.0" encoding="UTF-8"?>
<!-- Generated by org.testng.reporters.JUnitReportReporter -->
<testsuite hostname="sr39-PC" name="testCasesSmoke.XportSmokeTest.SmokeXport53SRTclient_UDP" tests="1" failures="0" timestamp="7 Mar 2019 08:19:15 GMT" time="22.579" errors="0">
  <testcase name="smokeXport53SRTclient_UDP" time="22.579" classname="testCasesSmoke.XportSmokeTest.SmokeXport53SRTclient_UDP"/>
</testsuite> <!-- testCasesSmoke.XportSmokeTest.SmokeXport53SRTclient_UDP -->
