<?xml version="1.0" encoding="UTF-8"?>
<!-- Generated by org.testng.reporters.JUnitReportReporter -->
<testsuite hostname="sr39-PC" name="testCasesSmoke.RawInputSmoke.SmkVrs4aBmdInMultiOut" tests="1" failures="0" timestamp="27 Feb 2019 12:28:52 GMT" time="18.300" errors="0">
  <testcase name="smkVrs4aBmdInMultiOut" time="18.300" classname="testCasesSmoke.RawInputSmoke.SmkVrs4aBmdInMultiOut"/>
</testsuite> <!-- testCasesSmoke.RawInputSmoke.SmkVrs4aBmdInMultiOut -->
