<?xml version="1.0" encoding="UTF-8"?>
<!-- Generated by org.testng.reporters.JUnitReportReporter -->
<testsuite hostname="sr39-PC" name="testCasesSmoke.scteSmoketestcases.SmkVrs27scteOutbandCueoutDuration" tests="1" failures="0" timestamp="4 Mar 2019 13:45:03 GMT" time="18.176" errors="0">
  <testcase name="smkVrs27scteOutbandCueoutDuration" time="18.176" classname="testCasesSmoke.scteSmoketestcases.SmkVrs27scteOutbandCueoutDuration"/>
</testsuite> <!-- testCasesSmoke.scteSmoketestcases.SmkVrs27scteOutbandCueoutDuration -->
