<?xml version="1.0" encoding="UTF-8"?>
<!-- Generated by org.testng.reporters.JUnitReportReporter -->
<testsuite hostname="sr39-PC" name="testCasesSmoke.XportSmokeTest.SmokeXport13TestPattern_UDP" tests="1" failures="0" timestamp="7 Mar 2019 08:19:15 GMT" time="25.167" errors="0">
  <testcase name="smokeXport13TestPattern_UDP" time="25.167" classname="testCasesSmoke.XportSmokeTest.SmokeXport13TestPattern_UDP"/>
</testsuite> <!-- testCasesSmoke.XportSmokeTest.SmokeXport13TestPattern_UDP -->
