<?xml version="1.0" encoding="UTF-8"?>
<!-- Generated by org.testng.reporters.JUnitReportReporter -->
<testsuite hostname="sr39-PC" name="testCasesSmoke.VersaIpSmokeTest.E2SmokeVersa7BMp4OutMp4Input" tests="1" failures="0" timestamp="4 Mar 2019 13:45:03 GMT" time="15.240" errors="0">
  <testcase name="smokeVersa7BMp4OutMp4Input" time="15.240" classname="testCasesSmoke.VersaIpSmokeTest.E2SmokeVersa7BMp4OutMp4Input"/>
</testsuite> <!-- testCasesSmoke.VersaIpSmokeTest.E2SmokeVersa7BMp4OutMp4Input -->
