<?xml version="1.0" encoding="UTF-8"?>
<!-- Generated by org.testng.reporters.JUnitReportReporter -->
<testsuite hostname="sr39-PC" name="testCasesSmoke.VersaIpSmokeTest.SmokeVersa13TestInUdpOut" tests="1" failures="0" timestamp="7 Mar 2019 08:19:15 GMT" time="46.612" errors="0">
  <testcase name="smokeVersa13TestInUdpOut" time="46.612" classname="testCasesSmoke.VersaIpSmokeTest.SmokeVersa13TestInUdpOut"/>
</testsuite> <!-- testCasesSmoke.VersaIpSmokeTest.SmokeVersa13TestInUdpOut -->
