<?xml version="1.0" encoding="UTF-8"?>
<!-- Generated by org.testng.reporters.JUnitReportReporter -->
<testsuite hostname="sr39-PC" name="testCasesSmoke.XportSmokeTest.SmokeXport_TestPattern_UDP" tests="1" failures="0" timestamp="4 Mar 2019 13:45:03 GMT" time="16.743" errors="0">
  <testcase name="smokeXport_Testpattern_UDP" time="16.743" classname="testCasesSmoke.XportSmokeTest.SmokeXport_TestPattern_UDP"/>
</testsuite> <!-- testCasesSmoke.XportSmokeTest.SmokeXport_TestPattern_UDP -->
