<?xml version="1.0" encoding="UTF-8"?>
<!-- Generated by org.testng.reporters.JUnitReportReporter -->
<testsuite hostname="sr39-PC" name="testCasesSmoke.RawInputSmoke.SmkVrs38ScteOubndCuOuInRawInHls" tests="1" failures="0" timestamp="27 Feb 2019 12:28:52 GMT" time="19.559" errors="0">
  <testcase name="smkVrs38ScteOubndCuOuInRawInHls" time="19.559" classname="testCasesSmoke.RawInputSmoke.SmkVrs38ScteOubndCuOuInRawInHls"/>
</testsuite> <!-- testCasesSmoke.RawInputSmoke.SmkVrs38ScteOubndCuOuInRawInHls -->
