<?xml version="1.0" encoding="UTF-8"?>
<!-- Generated by org.testng.reporters.JUnitReportReporter -->
<testsuite hostname="sr39-PC" name="testCasesSmoke.scteSmoketestcases.SmkVrs26OutbandCueOutCueIn" tests="1" failures="0" timestamp="4 Mar 2019 13:45:03 GMT" time="19.556" errors="0">
  <testcase name="smkVrs26OutbandCueOutCueIn" time="19.556" classname="testCasesSmoke.scteSmoketestcases.SmkVrs26OutbandCueOutCueIn"/>
</testsuite> <!-- testCasesSmoke.scteSmoketestcases.SmkVrs26OutbandCueOutCueIn -->
