<?xml version="1.0" encoding="UTF-8"?>
<!-- Generated by org.testng.reporters.JUnitReportReporter -->
<testsuite hostname="sr39-PC" name="testCasesSmoke.RawInputSmoke.SmkVrs65aMgwlInUDPpTSbasPCR" tests="1" failures="0" timestamp="27 Feb 2019 12:28:52 GMT" time="14.652" errors="0">
  <testcase name="smkVrs65aMgwlInUDPpTSbasPCR" time="14.652" classname="testCasesSmoke.RawInputSmoke.SmkVrs65aMgwlInUDPpTSbasPCR"/>
</testsuite> <!-- testCasesSmoke.RawInputSmoke.SmkVrs65aMgwlInUDPpTSbasPCR -->
