<?xml version="1.0" encoding="UTF-8"?>
<!-- Generated by org.testng.reporters.JUnitReportReporter -->
<testsuite hostname="sr39-PC" name="testCasesSmoke.scteSmoketestcases.SmkVrs30MltProScteOotbndCueOuIn" tests="1" failures="0" timestamp="4 Mar 2019 13:45:03 GMT" time="27.501" errors="0">
  <testcase name="smkVrs30MltProScteOotbndCueOuIn" time="27.501" classname="testCasesSmoke.scteSmoketestcases.SmkVrs30MltProScteOotbndCueOuIn"/>
</testsuite> <!-- testCasesSmoke.scteSmoketestcases.SmkVrs30MltProScteOotbndCueOuIn -->
