<?xml version="1.0" encoding="UTF-8"?>
<!-- Generated by org.testng.reporters.JUnitReportReporter -->
<testsuite hostname="sr39-PC" name="testCasesSmoke.VersaIpSmokeTest.VersaSmoke28Switcherjob" tests="1" failures="0" timestamp="4 Mar 2019 13:45:03 GMT" time="21.087" errors="0">
  <testcase name="versaSmoke28Switcherjob" time="21.087" classname="testCasesSmoke.VersaIpSmokeTest.VersaSmoke28Switcherjob"/>
</testsuite> <!-- testCasesSmoke.VersaIpSmokeTest.VersaSmoke28Switcherjob -->
