<?xml version="1.0" encoding="UTF-8"?>
<!-- Generated by org.testng.reporters.JUnitReportReporter -->
<testsuite hostname="sr39-PC" name="testCasesSmoke.VersaIpSmokeTest.SmkVrs52UDPInSrtServer" tests="1" failures="0" timestamp="7 Mar 2019 08:19:15 GMT" time="33.645" errors="0">
  <testcase name="smkVrs52UDPInSrtServer" time="33.645" classname="testCasesSmoke.VersaIpSmokeTest.SmkVrs52UDPInSrtServer"/>
</testsuite> <!-- testCasesSmoke.VersaIpSmokeTest.SmkVrs52UDPInSrtServer -->
