<?xml version="1.0" encoding="UTF-8"?>
<!-- Generated by org.testng.reporters.JUnitReportReporter -->
<testsuite hostname="sr39-PC" name="testCasesSmoke.VersaIpSmokeTest.SmokeVersa10MulticastRTPmultiOut" tests="1" failures="0" timestamp="1 Mar 2019 04:02:43 GMT" time="26.180" errors="0">
  <testcase name="smokeVersa10MulticastRTPmultiOut" time="26.180" classname="testCasesSmoke.VersaIpSmokeTest.SmokeVersa10MulticastRTPmultiOut"/>
</testsuite> <!-- testCasesSmoke.VersaIpSmokeTest.SmokeVersa10MulticastRTPmultiOut -->
