<?xml version="1.0" encoding="UTF-8"?>
<!-- Generated by org.testng.reporters.JUnitReportReporter -->
<testsuite hostname="sr39-PC" name="testCasesSmoke.VersaIpSmokeTest.Smokevrs1bUdpUnicastRtpUnicastjob" tests="1" failures="0" timestamp="4 Mar 2019 13:45:03 GMT" time="15.804" errors="0">
  <testcase name="smokevrs1bUdpUnicastRtpUnicastjob" time="15.804" classname="testCasesSmoke.VersaIpSmokeTest.Smokevrs1bUdpUnicastRtpUnicastjob"/>
</testsuite> <!-- testCasesSmoke.VersaIpSmokeTest.Smokevrs1bUdpUnicastRtpUnicastjob -->
