<?xml version="1.0" encoding="UTF-8"?>
<!-- Generated by org.testng.reporters.JUnitReportReporter -->
<testsuite hostname="sr39-PC" name="testCasesSmoke.VersaIpSmokeTest.Smokevrs1bUdpUnicastRtpUnicastjob" tests="1" failures="0" timestamp="7 Mar 2019 08:19:15 GMT" time="16.327" errors="0">
  <testcase name="smokevrs1bUdpUnicastRtpUnicastjob" time="16.327" classname="testCasesSmoke.VersaIpSmokeTest.Smokevrs1bUdpUnicastRtpUnicastjob"/>
</testsuite> <!-- testCasesSmoke.VersaIpSmokeTest.Smokevrs1bUdpUnicastRtpUnicastjob -->
