<?xml version="1.0" encoding="UTF-8"?>
<!-- Generated by org.testng.reporters.JUnitReportReporter -->
<testsuite hostname="sr39-PC" name="testCasesSmoke.VersaIpSmokeTest.SmokeVersa19TsInputMultiFileOut" tests="1" failures="0" timestamp="4 Mar 2019 13:45:03 GMT" time="29.729" errors="0">
  <testcase name="smokeVersa19TsInputMultiFileOut" time="29.729" classname="testCasesSmoke.VersaIpSmokeTest.SmokeVersa19TsInputMultiFileOut"/>
</testsuite> <!-- testCasesSmoke.VersaIpSmokeTest.SmokeVersa19TsInputMultiFileOut -->
