<?xml version="1.0" encoding="UTF-8"?>
<!-- Generated by org.testng.reporters.JUnitReportReporter -->
<testsuite hostname="sr39-PC" name="testCasesSmoke.RawInputSmoke.SmokeXport4aBMD_UDP" tests="1" failures="0" timestamp="6 Mar 2019 09:16:30 GMT" time="20.116" errors="0">
  <testcase name="smokeXport4aBMD_UDP" time="20.116" classname="testCasesSmoke.RawInputSmoke.SmokeXport4aBMD_UDP"/>
</testsuite> <!-- testCasesSmoke.RawInputSmoke.SmokeXport4aBMD_UDP -->
