<?xml version="1.0" encoding="UTF-8"?>
<!-- Generated by org.testng.reporters.JUnitReportReporter -->
<testsuite hostname="sr39-PC" name="testCasesSmoke.VersaIpSmokeTest.SmokeVersa13TestInUdpOut" tests="1" failures="0" timestamp="4 Mar 2019 13:45:03 GMT" time="15.975" errors="0">
  <testcase name="smokeVersa13TestInUdpOut" time="15.975" classname="testCasesSmoke.VersaIpSmokeTest.SmokeVersa13TestInUdpOut"/>
</testsuite> <!-- testCasesSmoke.VersaIpSmokeTest.SmokeVersa13TestInUdpOut -->
