<?xml version="1.0" encoding="UTF-8"?>
<!-- Generated by org.testng.reporters.JUnitReportReporter -->
<testsuite hostname="sr39-PC" name="testCasesSmoke.SmokeUdpunicastRTMPjob" tests="1" failures="0" timestamp="21 Feb 2019 04:58:29 GMT" time="15.795" errors="0">
  <testcase name="smokeUdpunicastRTMPjob" time="15.795" classname="testCasesSmoke.SmokeUdpunicastRTMPjob"/>
</testsuite> <!-- testCasesSmoke.SmokeUdpunicastRTMPjob -->
