<?xml version="1.0" encoding="UTF-8"?>
<!-- Generated by org.testng.reporters.JUnitReportReporter -->
<testsuite hostname="sr39-PC" name="testCasesSmoke.VersaIpSmokeTest.SmokeVersa18Mp4InputFileOutput" tests="1" failures="0" timestamp="1 Mar 2019 04:02:43 GMT" time="30.693" errors="0">
  <testcase name="smokeVersa18Mp4InputFileOutput" time="30.693" classname="testCasesSmoke.VersaIpSmokeTest.SmokeVersa18Mp4InputFileOutput"/>
</testsuite> <!-- testCasesSmoke.VersaIpSmokeTest.SmokeVersa18Mp4InputFileOutput -->
