<?xml version="1.0" encoding="UTF-8"?>
<!-- Generated by org.testng.reporters.JUnitReportReporter -->
<testsuite hostname="sr39-PC" name="testCasesSmoke.VersaIpSmokeTest.C4SmokeVersa3dRtpunicastMp4out" tests="1" failures="0" timestamp="1 Mar 2019 04:02:43 GMT" time="16.212" errors="0">
  <testcase name="smokeVersa3dRtpunicastMp4out" time="16.212" classname="testCasesSmoke.VersaIpSmokeTest.C4SmokeVersa3dRtpunicastMp4out"/>
</testsuite> <!-- testCasesSmoke.VersaIpSmokeTest.C4SmokeVersa3dRtpunicastMp4out -->
