<?xml version="1.0" encoding="UTF-8"?>
<!-- Generated by org.testng.reporters.JUnitReportReporter -->
<testsuite hostname="sr39-PC" name="testCasesSmoke.VersaIpSmokeTest.B3Smokevrs2cUdpunicastRTMPjob" tests="1" failures="0" timestamp="4 Mar 2019 13:45:03 GMT" time="16.740" errors="0">
  <testcase name="smokevrs2cUdpunicastRTMPjob" time="16.740" classname="testCasesSmoke.VersaIpSmokeTest.B3Smokevrs2cUdpunicastRTMPjob"/>
</testsuite> <!-- testCasesSmoke.VersaIpSmokeTest.B3Smokevrs2cUdpunicastRTMPjob -->
