<?xml version="1.0" encoding="UTF-8"?>
<!-- Generated by org.testng.reporters.JUnitReportReporter -->
<testsuite hostname="sr39-PC" name="testCasesSmoke.VersaIpSmokeTest.SmokeVersaUdpMulticastUdpUnicast" tests="1" failures="0" timestamp="27 Feb 2019 12:13:30 GMT" time="16.783" errors="0">
  <testcase name="smokeVersaUdpMulticastUdpUnicast" time="16.783" classname="testCasesSmoke.VersaIpSmokeTest.SmokeVersaUdpMulticastUdpUnicast"/>
</testsuite> <!-- testCasesSmoke.VersaIpSmokeTest.SmokeVersaUdpMulticastUdpUnicast -->
