<?xml version="1.0" encoding="UTF-8"?>
<!-- Generated by org.testng.reporters.JUnitReportReporter -->
<testsuite hostname="sr39-PC" name="testCasesSmoke.TestCasesRunning.FileUpload" tests="1" failures="0" timestamp="7 Mar 2019 08:19:15 GMT" time="32.379" errors="0">
  <testcase name="mp4_file" time="32.379" classname="testCasesSmoke.TestCasesRunning.FileUpload"/>
</testsuite> <!-- testCasesSmoke.TestCasesRunning.FileUpload -->
