<?xml version="1.0" encoding="UTF-8"?>
<!-- Generated by org.testng.reporters.JUnitReportReporter -->
<testsuite hostname="sr39-PC" name="testCasesSmoke.VersaIpSmokeTest.D3SmokeVersa6CUdpPassthroughUdpunicast" tests="1" failures="0" timestamp="1 Mar 2019 04:02:43 GMT" time="16.700" errors="0">
  <testcase name="smokeVersa6CUdpPassthroughUdpunicast" time="16.700" classname="testCasesSmoke.VersaIpSmokeTest.D3SmokeVersa6CUdpPassthroughUdpunicast"/>
</testsuite> <!-- testCasesSmoke.VersaIpSmokeTest.D3SmokeVersa6CUdpPassthroughUdpunicast -->
