<?xml version="1.0" encoding="UTF-8"?>
<!-- Generated by org.testng.reporters.JUnitReportReporter -->
<testsuite hostname="sr39-PC" name="testCasesSmoke.VersaIpSmokeTest.SmokeVersa11UdpMulProfStreamerHLs" tests="1" failures="0" timestamp="7 Mar 2019 08:19:15 GMT" time="37.804" errors="0">
  <testcase name="smokeVersa11UdpMulProfStreamerHLs" time="37.804" classname="testCasesSmoke.VersaIpSmokeTest.SmokeVersa11UdpMulProfStreamerHLs"/>
</testsuite> <!-- testCasesSmoke.VersaIpSmokeTest.SmokeVersa11UdpMulProfStreamerHLs -->
