<?xml version="1.0" encoding="UTF-8"?>
<!-- Generated by org.testng.reporters.JUnitReportReporter -->
<testsuite hostname="sr39-PC" name="testCasesSmoke.RawInputSmoke.Smkvrs66HttpInRawOut" tests="1" failures="0" timestamp="27 Feb 2019 12:28:52 GMT" time="14.920" errors="0">
  <testcase name="smkvrs66HttpInRawOut" time="14.920" classname="testCasesSmoke.RawInputSmoke.Smkvrs66HttpInRawOut"/>
</testsuite> <!-- testCasesSmoke.RawInputSmoke.Smkvrs66HttpInRawOut -->
