<?xml version="1.0" encoding="UTF-8"?>
<!-- Generated by org.testng.reporters.JUnitReportReporter -->
<testsuite hostname="sr39-PC" name="testCasesSmoke.RawInputSmoke.SmkVrs50VportRawInUDpuni" tests="1" failures="0" timestamp="27 Feb 2019 13:30:07 GMT" time="15.513" errors="0">
  <testcase name="smkVrs50VportRawInUDpuni" time="15.513" classname="testCasesSmoke.RawInputSmoke.SmkVrs50VportRawInUDpuni"/>
</testsuite> <!-- testCasesSmoke.RawInputSmoke.SmkVrs50VportRawInUDpuni -->
