<?xml version="1.0" encoding="UTF-8"?>
<!-- Generated by org.testng.reporters.JUnitReportReporter -->
<testsuite hostname="sr39-PC" name="testCasesSmoke.VersaIpSmokeTest.SmokeVersa3bRtmpInRtmpOut" tests="1" failures="0" timestamp="1 Mar 2019 04:02:43 GMT" time="16.406" errors="0">
  <testcase name="smokeVersa3bRtmpInRtmpOut" time="16.406" classname="testCasesSmoke.VersaIpSmokeTest.SmokeVersa3bRtmpInRtmpOut"/>
</testsuite> <!-- testCasesSmoke.VersaIpSmokeTest.SmokeVersa3bRtmpInRtmpOut -->
