<?xml version="1.0" encoding="UTF-8"?>
<!-- Generated by org.testng.reporters.JUnitReportReporter -->
<testsuite hostname="sr39-PC" name="testCasesSmoke.scteSmoketestcases.SmkVrs31MltProScteOotbndCueOuDurat" tests="1" failures="0" timestamp="4 Mar 2019 13:45:03 GMT" time="24.724" errors="0">
  <testcase name="smkVrs31MltProScteOotbndCueOuDurat" time="24.724" classname="testCasesSmoke.scteSmoketestcases.SmkVrs31MltProScteOotbndCueOuDurat"/>
</testsuite> <!-- testCasesSmoke.scteSmoketestcases.SmkVrs31MltProScteOotbndCueOuDurat -->
