<?xml version="1.0" encoding="UTF-8"?>
<!-- Generated by org.testng.reporters.JUnitReportReporter -->
<testsuite hostname="sr39-PC" name="testCasesSmoke.VersaIpSmokeTest.A2Smokevrs1bUdpUnicastRtpUnicastjob" tests="1" failures="0" timestamp="1 Mar 2019 04:02:43 GMT" time="16.254" errors="0">
  <testcase name="smokevrs1bUdpUnicastRtpUnicastjob" time="16.254" classname="testCasesSmoke.VersaIpSmokeTest.A2Smokevrs1bUdpUnicastRtpUnicastjob"/>
</testsuite> <!-- testCasesSmoke.VersaIpSmokeTest.A2Smokevrs1bUdpUnicastRtpUnicastjob -->
