<?xml version="1.0" encoding="UTF-8"?>
<!-- Generated by org.testng.reporters.JUnitReportReporter -->
<testsuite hostname="sr39-PC" name="testCasesSmoke.RawInputSmoke.SmkVrs39ScteOubndCuOuDuraRawInHls" tests="1" failures="0" timestamp="6 Mar 2019 08:43:28 GMT" time="21.530" errors="0">
  <testcase name="smkVrs39ScteOubndCuOuDuraRawInHls" time="21.530" classname="testCasesSmoke.RawInputSmoke.SmkVrs39ScteOubndCuOuDuraRawInHls"/>
</testsuite> <!-- testCasesSmoke.RawInputSmoke.SmkVrs39ScteOubndCuOuDuraRawInHls -->
