<?xml version="1.0" encoding="UTF-8"?>
<!-- Generated by org.testng.reporters.JUnitReportReporter -->
<testsuite hostname="sr39-PC" name="testCasesSmoke.VersaIpSmokeTest.C1SmokeVersa3aUdpMulticastRtpUnicastjob" tests="1" failures="0" timestamp="1 Mar 2019 04:02:43 GMT" time="16.686" errors="0">
  <testcase name="smokeVersa3aUdpMulticastRtpUnicastjob" time="16.686" classname="testCasesSmoke.VersaIpSmokeTest.C1SmokeVersa3aUdpMulticastRtpUnicastjob"/>
</testsuite> <!-- testCasesSmoke.VersaIpSmokeTest.C1SmokeVersa3aUdpMulticastRtpUnicastjob -->
