<?xml version="1.0" encoding="UTF-8"?>
<!-- Generated by org.testng.reporters.JUnitReportReporter -->
<testsuite hostname="sr39-PC" name="testCasesSmoke.RawInputSmoke.SmkVrs4cRtmpInMp4Out" tests="1" failures="0" timestamp="7 Mar 2019 08:19:15 GMT" time="21.232" errors="0">
  <testcase name="smkVrs4cRtmpInMp4Out" time="21.232" classname="testCasesSmoke.RawInputSmoke.SmkVrs4cRtmpInMp4Out"/>
</testsuite> <!-- testCasesSmoke.RawInputSmoke.SmkVrs4cRtmpInMp4Out -->
