<?xml version="1.0" encoding="UTF-8"?>
<!-- Generated by org.testng.reporters.JUnitReportReporter -->
<testsuite hostname="sr39-PC" name="testCasesSmoke.VersaIpSmokeTest.SmkVrs59QualityOptMultipro" tests="1" failures="0" timestamp="7 Mar 2019 08:19:15 GMT" time="94.713" errors="0">
  <testcase name="smkVrs59QualityOptMultipro" time="94.713" classname="testCasesSmoke.VersaIpSmokeTest.SmkVrs59QualityOptMultipro"/>
</testsuite> <!-- testCasesSmoke.VersaIpSmokeTest.SmkVrs59QualityOptMultipro -->
