<?xml version="1.0" encoding="UTF-8"?>
<!-- Generated by org.testng.reporters.JUnitReportReporter -->
<testsuite hostname="sr39-PC" name="testCasesSmoke.VersaIpSmokeTest.E2SmokeVersa7BMp4OutMp4Input" tests="1" failures="0" timestamp="1 Mar 2019 04:02:43 GMT" time="17.034" errors="0">
  <testcase name="smokeVersa7BMp4OutMp4Input" time="17.034" classname="testCasesSmoke.VersaIpSmokeTest.E2SmokeVersa7BMp4OutMp4Input"/>
</testsuite> <!-- testCasesSmoke.VersaIpSmokeTest.E2SmokeVersa7BMp4OutMp4Input -->
