<?xml version="1.0" encoding="UTF-8"?>
<!-- Generated by org.testng.reporters.JUnitReportReporter -->
<testsuite hostname="sr39-PC" name="testCasesSmoke.VersaSmokeTestCases" tests="1" failures="0" timestamp="20 Feb 2019 13:29:21 GMT" time="16.218" errors="0">
  <testcase name="smokeVersaUdpMulticastUdpUnicast" time="16.218" classname="testCasesSmoke.VersaSmokeTestCases"/>
</testsuite> <!-- testCasesSmoke.VersaSmokeTestCases -->
