<?xml version="1.0" encoding="UTF-8"?>
<!-- Generated by org.testng.reporters.JUnitReportReporter -->
<testsuite hostname="sr39-PC" name="testCasesSmoke.VersaIpSmokeTest.D4SmokeVersa6DUdpunicastUdpOut" tests="1" failures="0" timestamp="4 Mar 2019 13:45:03 GMT" time="16.675" errors="0">
  <testcase name="smokeVersa6DUdpunicastUdpOut" time="16.675" classname="testCasesSmoke.VersaIpSmokeTest.D4SmokeVersa6DUdpunicastUdpOut"/>
</testsuite> <!-- testCasesSmoke.VersaIpSmokeTest.D4SmokeVersa6DUdpunicastUdpOut -->
