<?xml version="1.0" encoding="UTF-8"?>
<!-- Generated by org.testng.reporters.JUnitReportReporter -->
<testsuite hostname="sr39-PC" name="testCasesSmoke.VersaIpSmokeTest.SmokeVersa11UdpMulProfStreamerHLs" tests="1" failures="0" timestamp="1 Mar 2019 04:02:43 GMT" time="23.853" errors="0">
  <testcase name="smokeVersa11UdpMulProfStreamerHLs" time="23.853" classname="testCasesSmoke.VersaIpSmokeTest.SmokeVersa11UdpMulProfStreamerHLs"/>
</testsuite> <!-- testCasesSmoke.VersaIpSmokeTest.SmokeVersa11UdpMulProfStreamerHLs -->
