<?xml version="1.0" encoding="UTF-8"?>
<!-- Generated by org.testng.reporters.JUnitReportReporter -->
<testsuite hostname="sr39-PC" name="testCasesSmoke.VersaIpSmokeTest.SmokeUdpUnicastRtpUnicastjob" tests="1" failures="0" timestamp="27 Feb 2019 12:48:09 GMT" time="18.209" errors="0">
  <testcase name="smokeUdpUnicastRtpUnicastjob" time="18.209" classname="testCasesSmoke.VersaIpSmokeTest.SmokeUdpUnicastRtpUnicastjob"/>
</testsuite> <!-- testCasesSmoke.VersaIpSmokeTest.SmokeUdpUnicastRtpUnicastjob -->
