<?xml version="1.0" encoding="UTF-8"?>
<!-- Generated by org.testng.reporters.JUnitReportReporter -->
<testsuite hostname="sr39-PC" name="testCasesSmoke.VersaIpSmokeTest.SmokeVersa3bRtmpInRtmpOut" tests="1" failures="0" timestamp="4 Mar 2019 13:45:03 GMT" time="16.360" errors="0">
  <testcase name="smokeVersa3bRtmpInRtmpOut" time="16.360" classname="testCasesSmoke.VersaIpSmokeTest.SmokeVersa3bRtmpInRtmpOut"/>
</testsuite> <!-- testCasesSmoke.VersaIpSmokeTest.SmokeVersa3bRtmpInRtmpOut -->
