<?xml version="1.0" encoding="UTF-8"?>
<!-- Generated by org.testng.reporters.JUnitReportReporter -->
<testsuite hostname="sr39-PC" name="testCasesSmoke.RawInputSmoke.SmkVrs24SwtrRawImageInHlsOut" tests="1" failures="0" timestamp="7 Mar 2019 10:25:40 GMT" time="16.698" errors="0">
  <testcase name="smkVrs24SwtrRawImageInHlsOut" time="16.698" classname="testCasesSmoke.RawInputSmoke.SmkVrs24SwtrRawImageInHlsOut"/>
</testsuite> <!-- testCasesSmoke.RawInputSmoke.SmkVrs24SwtrRawImageInHlsOut -->
