<?xml version="1.0" encoding="UTF-8"?>
<!-- Generated by org.testng.reporters.JUnitReportReporter -->
<testsuite hostname="sr39-PC" name="testCasesSmoke.VersaIpSmokeTest.SmokeVersa3bRtmpInRtmpOut" tests="1" failures="0" timestamp="7 Mar 2019 08:19:15 GMT" time="17.954" errors="0">
  <testcase name="smokeVersa3bRtmpInRtmpOut" time="17.954" classname="testCasesSmoke.VersaIpSmokeTest.SmokeVersa3bRtmpInRtmpOut"/>
</testsuite> <!-- testCasesSmoke.VersaIpSmokeTest.SmokeVersa3bRtmpInRtmpOut -->
