<?xml version="1.0" encoding="UTF-8"?>
<!-- Generated by org.testng.reporters.JUnitReportReporter -->
<testsuite hostname="sr39-PC" name="testCasesSmoke.XportSmokeTest.SmokeXport52UDP_SRTserver" tests="1" failures="0" timestamp="7 Mar 2019 08:19:15 GMT" time="18.942" errors="0">
  <testcase name="smokeXport52UDP_SRTserver" time="18.942" classname="testCasesSmoke.XportSmokeTest.SmokeXport52UDP_SRTserver"/>
</testsuite> <!-- testCasesSmoke.XportSmokeTest.SmokeXport52UDP_SRTserver -->
