<?xml version="1.0" encoding="UTF-8"?>
<!-- Generated by org.testng.reporters.JUnitReportReporter -->
<testsuite hostname="sr39-PC" name="testCasesSmoke.RawInputSmoke.SmkVrs25SwtrRawTestInHlsDashOut" tests="1" failures="0" timestamp="6 Mar 2019 08:48:47 GMT" time="16.610" errors="0">
  <testcase name="smkVrs25SwtrRawTestInHlsDAshOut" time="16.610" classname="testCasesSmoke.RawInputSmoke.SmkVrs25SwtrRawTestInHlsDashOut"/>
</testsuite> <!-- testCasesSmoke.RawInputSmoke.SmkVrs25SwtrRawTestInHlsDashOut -->
