<?xml version="1.0" encoding="UTF-8"?>
<!-- Generated by org.testng.reporters.JUnitReportReporter -->
<testsuite hostname="sr39-PC" name="testCasesSmoke.RawInputSmoke.SmkVrs37ScteInbandRawInHlsout" tests="1" failures="0" timestamp="27 Feb 2019 12:28:52 GMT" time="18.825" errors="0">
  <testcase name="smkVrs37ScteInbandRawInHlsout" time="18.825" classname="testCasesSmoke.RawInputSmoke.SmkVrs37ScteInbandRawInHlsout"/>
</testsuite> <!-- testCasesSmoke.RawInputSmoke.SmkVrs37ScteInbandRawInHlsout -->
