<?xml version="1.0" encoding="UTF-8"?>
<!-- Generated by org.testng.reporters.JUnitReportReporter -->
<testsuite hostname="sr39-PC" name="testCasesSmoke.RawInputSmoke.SmkVrs62MgwlInHlsndUdpOut" tests="1" failures="0" timestamp="27 Feb 2019 12:28:52 GMT" time="17.890" errors="0">
  <testcase name="smkVrs62MgwlInHlsndUdpOut" time="17.890" classname="testCasesSmoke.RawInputSmoke.SmkVrs62MgwlInHlsndUdpOut"/>
</testsuite> <!-- testCasesSmoke.RawInputSmoke.SmkVrs62MgwlInHlsndUdpOut -->
