<?xml version="1.0" encoding="UTF-8"?>
<!-- Generated by org.testng.reporters.JUnitReportReporter -->
<testsuite hostname="sr39-PC" name="testCasesSmoke.scteSmoketestcases.SmkVrs29InbandScte" tests="1" failures="0" timestamp="26 Feb 2019 09:38:10 GMT" time="17.994" errors="0">
  <testcase name="smkVrs29InbandScte" time="17.994" classname="testCasesSmoke.scteSmoketestcases.SmkVrs29InbandScte"/>
</testsuite> <!-- testCasesSmoke.scteSmoketestcases.SmkVrs29InbandScte -->
