<?xml version="1.0" encoding="UTF-8"?>
<!-- Generated by org.testng.reporters.JUnitReportReporter -->
<testsuite hostname="sr39-PC" name="testCasesSmoke.VersaIpSmokeTest.Smokevrs1dUdpUincastUdpUnicastjob" tests="1" failures="0" timestamp="4 Mar 2019 13:45:03 GMT" time="15.659" errors="0">
  <testcase name="smokevrs1dUdpUincastUdpUnicastjob" time="15.659" classname="testCasesSmoke.VersaIpSmokeTest.Smokevrs1dUdpUincastUdpUnicastjob"/>
</testsuite> <!-- testCasesSmoke.VersaIpSmokeTest.Smokevrs1dUdpUincastUdpUnicastjob -->
