<?xml version="1.0" encoding="UTF-8"?>
<!-- Generated by org.testng.reporters.JUnitReportReporter -->
<testsuite hostname="sr39-PC" name="testCasesSmoke.VersaIpSmokeTest.SmokeRTMPInUdpUbnicastjob" tests="1" failures="0" timestamp="27 Feb 2019 12:13:30 GMT" time="17.270" errors="0">
  <testcase name="smokeRTMPInUdpUbnicastjob" time="17.270" classname="testCasesSmoke.VersaIpSmokeTest.SmokeRTMPInUdpUbnicastjob"/>
</testsuite> <!-- testCasesSmoke.VersaIpSmokeTest.SmokeRTMPInUdpUbnicastjob -->
