<?xml version="1.0" encoding="UTF-8"?>
<!-- Generated by org.testng.reporters.JUnitReportReporter -->
<testsuite hostname="sr39-PC" name="testCasesSmoke.VersaIpSmokeTest.SmokeRtpUnicastUdpunicastjob" tests="1" failures="0" timestamp="28 Feb 2019 09:47:20 GMT" time="16.512" errors="0">
  <testcase name="smokeRtpUnicastUdpunicastjob" time="16.512" classname="testCasesSmoke.VersaIpSmokeTest.SmokeRtpUnicastUdpunicastjob"/>
</testsuite> <!-- testCasesSmoke.VersaIpSmokeTest.SmokeRtpUnicastUdpunicastjob -->
