<?xml version="1.0" encoding="UTF-8"?>
<!-- Generated by org.testng.reporters.JUnitReportReporter -->
<testsuite hostname="sr39-PC" name="testCasesSmoke.running_testcases.FileUpload" tests="1" failures="0" timestamp="4 Mar 2019 08:35:10 GMT" time="27.599" errors="0">
  <testcase name="mp4_file" time="27.599" classname="testCasesSmoke.running_testcases.FileUpload"/>
</testsuite> <!-- testCasesSmoke.running_testcases.FileUpload -->
