<?xml version="1.0" encoding="UTF-8"?>
<!-- Generated by org.testng.reporters.JUnitReportReporter -->
<testsuite hostname="sr39-PC" name="testCasesSmoke.scteSmoketestcases.SmkVrs26OutbandCueOutCueIn" tests="1" failures="0" timestamp="7 Mar 2019 08:19:15 GMT" time="27.333" errors="0">
  <testcase name="smkVrs26OutbandCueOutCueIn" time="27.333" classname="testCasesSmoke.scteSmoketestcases.SmkVrs26OutbandCueOutCueIn"/>
</testsuite> <!-- testCasesSmoke.scteSmoketestcases.SmkVrs26OutbandCueOutCueIn -->
