<?xml version="1.0" encoding="UTF-8"?>
<!-- Generated by org.testng.reporters.JUnitReportReporter -->
<testsuite hostname="sr39-PC" name="testCasesSmoke.VersaIpSmokeTest.A4Smokevrs1dUdpUincastUdpUnicastjob" tests="1" failures="0" timestamp="1 Mar 2019 04:02:43 GMT" time="16.160" errors="0">
  <testcase name="smokevrs1dUdpUincastUdpUnicastjob" time="16.160" classname="testCasesSmoke.VersaIpSmokeTest.A4Smokevrs1dUdpUincastUdpUnicastjob"/>
</testsuite> <!-- testCasesSmoke.VersaIpSmokeTest.A4Smokevrs1dUdpUincastUdpUnicastjob -->
