<?xml version="1.0" encoding="UTF-8"?>
<!-- Generated by org.testng.reporters.JUnitReportReporter -->
<testsuite hostname="sr39-PC" name="testCasesSmoke.VersaIpSmokeTest.D4SmokeVersa6DUdpunicastUdpOut" tests="1" failures="0" timestamp="1 Mar 2019 04:02:43 GMT" time="16.175" errors="0">
  <testcase name="smokeVersa6DUdpunicastUdpOut" time="16.175" classname="testCasesSmoke.VersaIpSmokeTest.D4SmokeVersa6DUdpunicastUdpOut"/>
</testsuite> <!-- testCasesSmoke.VersaIpSmokeTest.D4SmokeVersa6DUdpunicastUdpOut -->
