<?xml version="1.0" encoding="UTF-8"?>
<!-- Generated by org.testng.reporters.JUnitReportReporter -->
<testsuite hostname="sr39-PC" name="testCasesSmoke.XportSmokeTest.SmokeXport_UDP_SRTserver" tests="1" failures="0" timestamp="4 Mar 2019 11:15:19 GMT" time="17.477" errors="0">
  <testcase name="smokeXport_UDP_SRTserver" time="17.477" classname="testCasesSmoke.XportSmokeTest.SmokeXport_UDP_SRTserver"/>
</testsuite> <!-- testCasesSmoke.XportSmokeTest.SmokeXport_UDP_SRTserver -->
