<?xml version="1.0" encoding="UTF-8"?>
<!-- Generated by org.testng.reporters.JUnitReportReporter -->
<testsuite hostname="sr39-PC" name="testCasesSmoke.RawInputSmoke.SmkVrs37ScteInbandRawInHlsout" tests="1" failures="0" timestamp="6 Mar 2019 08:47:47 GMT" time="17.253" errors="0">
  <testcase name="smkVrs37ScteInbandRawInHlsout" time="17.253" classname="testCasesSmoke.RawInputSmoke.SmkVrs37ScteInbandRawInHlsout"/>
</testsuite> <!-- testCasesSmoke.RawInputSmoke.SmkVrs37ScteInbandRawInHlsout -->
