<?xml version="1.0" encoding="UTF-8"?>
<!-- Generated by org.testng.reporters.JUnitReportReporter -->
<testsuite hostname="sr39-PC" name="testCasesSmoke.VersaIpSmokeTest.B2Smokevrs2bRTMPInUdpUbnicastjob" tests="1" failures="0" timestamp="7 Mar 2019 08:19:15 GMT" time="22.062" errors="0">
  <testcase name="smokevrs2bRTMPInUdpUbnicastjob" time="22.062" classname="testCasesSmoke.VersaIpSmokeTest.B2Smokevrs2bRTMPInUdpUbnicastjob"/>
</testsuite> <!-- testCasesSmoke.VersaIpSmokeTest.B2Smokevrs2bRTMPInUdpUbnicastjob -->
