<?xml version="1.0" encoding="UTF-8"?>
<!-- Generated by org.testng.reporters.JUnitReportReporter -->
<testsuite hostname="sr39-PC" name="testCasesSmoke.VersaIpSmokeTest.VersaSmoke28Switcherjob" tests="1" failures="0" timestamp="1 Mar 2019 04:02:43 GMT" time="23.166" errors="0">
  <testcase name="versaSmoke28Switcherjob" time="23.166" classname="testCasesSmoke.VersaIpSmokeTest.VersaSmoke28Switcherjob"/>
</testsuite> <!-- testCasesSmoke.VersaIpSmokeTest.VersaSmoke28Switcherjob -->
