<?xml version="1.0" encoding="UTF-8"?>
<!-- Generated by org.testng.reporters.JUnitReportReporter -->
<testsuite hostname="sr39-PC" name="testCasesSmoke.scteSmoketestcases.SmkVrs33MltProScteInband" tests="1" failures="0" timestamp="4 Mar 2019 13:45:03 GMT" time="24.329" errors="0">
  <testcase name="smkVrs33MltProScteInband" time="24.329" classname="testCasesSmoke.scteSmoketestcases.SmkVrs33MltProScteInband"/>
</testsuite> <!-- testCasesSmoke.scteSmoketestcases.SmkVrs33MltProScteInband -->
