<?xml version="1.0" encoding="UTF-8"?>
<!-- Generated by org.testng.reporters.JUnitReportReporter -->
<testsuite hostname="sr39-PC" name="testCasesSmoke.scteSmoketestcases.SmkVrs28SctePerodic" tests="1" failures="0" timestamp="4 Mar 2019 13:45:03 GMT" time="20.248" errors="0">
  <testcase name="smkVrs28SctePerodic" time="20.248" classname="testCasesSmoke.scteSmoketestcases.SmkVrs28SctePerodic"/>
</testsuite> <!-- testCasesSmoke.scteSmoketestcases.SmkVrs28SctePerodic -->
