<?xml version="1.0" encoding="UTF-8"?>
<!-- Generated by org.testng.reporters.JUnitReportReporter -->
<testsuite hostname="sr39-PC" name="testCasesSmoke.XportSmokeTest.SmokeXport14UDPmultiCast_UDP" tests="1" failures="0" timestamp="7 Mar 2019 08:19:15 GMT" time="20.707" errors="0">
  <testcase name="smokeXport14UDPmulticast_UDP" time="20.707" classname="testCasesSmoke.XportSmokeTest.SmokeXport14UDPmultiCast_UDP"/>
</testsuite> <!-- testCasesSmoke.XportSmokeTest.SmokeXport14UDPmultiCast_UDP -->
