<?xml version="1.0" encoding="UTF-8"?>
<!-- Generated by org.testng.reporters.JUnitReportReporter -->
<testsuite hostname="sr39-PC" name="testCasesSmoke.VersaIpSmokeTest.C1SmokeVersa3aUdpMulticastRtpUnicastjob" tests="1" failures="0" timestamp="7 Mar 2019 08:19:15 GMT" time="26.017" errors="0">
  <testcase name="smokeVersa3aUdpMulticastRtpUnicastjob" time="26.017" classname="testCasesSmoke.VersaIpSmokeTest.C1SmokeVersa3aUdpMulticastRtpUnicastjob"/>
</testsuite> <!-- testCasesSmoke.VersaIpSmokeTest.C1SmokeVersa3aUdpMulticastRtpUnicastjob -->
