<?xml version="1.0" encoding="UTF-8"?>
<!-- Generated by org.testng.reporters.JUnitReportReporter -->
<testsuite hostname="sr39-PC" name="testCasesSmoke.scteSmoketestcases.SmkVrs28SctePerodic" tests="1" failures="0" timestamp="7 Mar 2019 08:19:15 GMT" time="24.890" errors="0">
  <testcase name="smkVrs28SctePerodic" time="24.890" classname="testCasesSmoke.scteSmoketestcases.SmkVrs28SctePerodic"/>
</testsuite> <!-- testCasesSmoke.scteSmoketestcases.SmkVrs28SctePerodic -->
