<?xml version="1.0" encoding="UTF-8"?>
<!-- Generated by org.testng.reporters.JUnitReportReporter -->
<testsuite hostname="sr39-PC" name="testCasesSmoke.VersaIpSmokeTest.SmokeVersa19TsInputMultiFileOut" tests="1" failures="0" timestamp="7 Mar 2019 08:19:15 GMT" time="36.808" errors="0">
  <testcase name="smokeVersa19TsInputMultiFileOut" time="36.808" classname="testCasesSmoke.VersaIpSmokeTest.SmokeVersa19TsInputMultiFileOut"/>
</testsuite> <!-- testCasesSmoke.VersaIpSmokeTest.SmokeVersa19TsInputMultiFileOut -->
