<?xml version="1.0" encoding="UTF-8"?>
<!-- Generated by org.testng.reporters.JUnitReportReporter -->
<testsuite hostname="sr39-PC" name="testCasesSmoke.SmokeRTMPInUdpUbnicastjob" tests="1" failures="0" timestamp="21 Feb 2019 04:29:46 GMT" time="18.569" errors="0">
  <testcase name="smokeRTMPInUdpUbnicastjob" time="18.569" classname="testCasesSmoke.SmokeRTMPInUdpUbnicastjob"/>
</testsuite> <!-- testCasesSmoke.SmokeRTMPInUdpUbnicastjob -->
