<?xml version="1.0" encoding="UTF-8"?>
<!-- Generated by org.testng.reporters.JUnitReportReporter -->
<testsuite hostname="sr39-PC" name="testCasesSmoke.VersaIpSmokeTest.B4SmokeVrs2dRtmpInputrtmpOutputjob" tests="1" failures="0" timestamp="7 Mar 2019 08:19:15 GMT" time="21.770" errors="0">
  <testcase name="smokeVrs2dRtmpInputrtmpOutputjob" time="21.770" classname="testCasesSmoke.VersaIpSmokeTest.B4SmokeVrs2dRtmpInputrtmpOutputjob"/>
</testsuite> <!-- testCasesSmoke.VersaIpSmokeTest.B4SmokeVrs2dRtmpInputrtmpOutputjob -->
