<?xml version="1.0" encoding="UTF-8"?>
<!-- Generated by org.testng.reporters.JUnitReportReporter -->
<testsuite hostname="sr39-PC" name="testCasesSmoke.scteSmoketestcases.SmkVrs30MltProScteOotbndCueOuIn" tests="1" failures="0" timestamp="26 Feb 2019 09:46:38 GMT" time="27.015" errors="0">
  <testcase name="smkVrs30MltProScteOotbndCueOuIn" time="27.015" classname="testCasesSmoke.scteSmoketestcases.SmkVrs30MltProScteOotbndCueOuIn"/>
</testsuite> <!-- testCasesSmoke.scteSmoketestcases.SmkVrs30MltProScteOotbndCueOuIn -->
