<?xml version="1.0" encoding="UTF-8"?>
<!-- Generated by org.testng.reporters.JUnitReportReporter -->
<testsuite hostname="sr39-PC" name="testCasesSmoke.VersaIpSmokeTest.SmkVrs53SrtclientUDpout" tests="1" failures="0" timestamp="1 Mar 2019 04:02:43 GMT" time="15.140" errors="0">
  <testcase name="smkVrs53SrtclientUDpout" time="15.140" classname="testCasesSmoke.VersaIpSmokeTest.SmkVrs53SrtclientUDpout"/>
</testsuite> <!-- testCasesSmoke.VersaIpSmokeTest.SmkVrs53SrtclientUDpout -->
