<?xml version="1.0" encoding="UTF-8"?>
<!-- Generated by org.testng.reporters.JUnitReportReporter -->
<testsuite hostname="sr39-PC" name="testCasesSmoke.VersaIpSmokeTest.B1Smokevrs2aUdpMulticastRtmpoutjob" tests="1" failures="0" timestamp="4 Mar 2019 13:45:03 GMT" time="16.199" errors="0">
  <testcase name="smokevrs2aUdpMulticastRtmpoutjob" time="16.199" classname="testCasesSmoke.VersaIpSmokeTest.B1Smokevrs2aUdpMulticastRtmpoutjob"/>
</testsuite> <!-- testCasesSmoke.VersaIpSmokeTest.B1Smokevrs2aUdpMulticastRtmpoutjob -->
