<?xml version="1.0" encoding="UTF-8"?>
<!-- Generated by org.testng.reporters.JUnitReportReporter -->
<testsuite hostname="sr39-PC" name="testCasesSmoke.RawInputSmoke.SmkVrs4cRtmpInMp4Out" tests="1" failures="0" timestamp="27 Feb 2019 12:28:52 GMT" time="14.890" errors="0">
  <testcase name="smkVrs4cRtmpInMp4Out" time="14.890" classname="testCasesSmoke.RawInputSmoke.SmkVrs4cRtmpInMp4Out"/>
</testsuite> <!-- testCasesSmoke.RawInputSmoke.SmkVrs4cRtmpInMp4Out -->
