<?xml version="1.0" encoding="UTF-8"?>
<!-- Generated by org.testng.reporters.JUnitReportReporter -->
<testsuite hostname="sr39-PC" name="testCasesSmoke.RawInputSmoke.SmkVrs45SctePerodicMgwlInHls" tests="1" failures="0" timestamp="26 Feb 2019 13:12:37 GMT" time="16.066" errors="0">
  <testcase name="smkVrs45SctePerodicMgwlInHls" time="16.066" classname="testCasesSmoke.RawInputSmoke.SmkVrs45SctePerodicMgwlInHls"/>
</testsuite> <!-- testCasesSmoke.RawInputSmoke.SmkVrs45SctePerodicMgwlInHls -->
