<?xml version="1.0" encoding="UTF-8"?>
<!-- Generated by org.testng.reporters.JUnitReportReporter -->
<testsuite hostname="sr39-PC" name="testCasesSmoke.VersaIpSmokeTest.B4SmokeVrs2dRtmpInputrtmpOutputjob" tests="1" failures="0" timestamp="4 Mar 2019 13:45:03 GMT" time="15.263" errors="0">
  <testcase name="smokeVrs2dRtmpInputrtmpOutputjob" time="15.263" classname="testCasesSmoke.VersaIpSmokeTest.B4SmokeVrs2dRtmpInputrtmpOutputjob"/>
</testsuite> <!-- testCasesSmoke.VersaIpSmokeTest.B4SmokeVrs2dRtmpInputrtmpOutputjob -->
