<?xml version="1.0" encoding="UTF-8"?>
<!-- Generated by org.testng.reporters.JUnitReportReporter -->
<testsuite hostname="sr39-PC" name="testCasesSmoke.VersaIpSmokeTest.D2SmokeVersa6BMp4FileUdpUnicast" tests="1" failures="0" timestamp="4 Mar 2019 13:45:03 GMT" time="15.463" errors="0">
  <testcase name="smokeVersa6BMp4FileUdpUnicast" time="15.463" classname="testCasesSmoke.VersaIpSmokeTest.D2SmokeVersa6BMp4FileUdpUnicast"/>
</testsuite> <!-- testCasesSmoke.VersaIpSmokeTest.D2SmokeVersa6BMp4FileUdpUnicast -->
