<?xml version="1.0" encoding="UTF-8"?>
<!-- Generated by org.testng.reporters.JUnitReportReporter -->
<testsuite hostname="sr39-PC" name="testCasesSmoke.scteSmoketestcases.SmkVrs27scteOutbandCueoutDuration" tests="1" failures="0" timestamp="7 Mar 2019 08:19:15 GMT" time="24.025" errors="0">
  <testcase name="smkVrs27scteOutbandCueoutDuration" time="24.025" classname="testCasesSmoke.scteSmoketestcases.SmkVrs27scteOutbandCueoutDuration"/>
</testsuite> <!-- testCasesSmoke.scteSmoketestcases.SmkVrs27scteOutbandCueoutDuration -->
