<?xml version="1.0" encoding="UTF-8"?>
<!-- Generated by org.testng.reporters.JUnitReportReporter -->
<testsuite hostname="sr39-PC" name="testCasesSmoke.RawInputSmoke.SmkVrs37ScteRawInHlsout" tests="1" failures="0" timestamp="26 Feb 2019 12:31:45 GMT" time="15.477" errors="0">
  <testcase name="smkVrs37ScteRawInHlsout" time="15.477" classname="testCasesSmoke.RawInputSmoke.SmkVrs37ScteRawInHlsout"/>
</testsuite> <!-- testCasesSmoke.RawInputSmoke.SmkVrs37ScteRawInHlsout -->
