<?xml version="1.0" encoding="UTF-8"?>
<!-- Generated by org.testng.reporters.JUnitReportReporter -->
<testsuite hostname="sr39-PC" name="testCasesSmoke.VersaIpSmokeTest.D2SmokeVersa6BMp4FileUdpUnicast" tests="1" failures="0" timestamp="7 Mar 2019 08:19:15 GMT" time="20.221" errors="0">
  <testcase name="smokeVersa6BMp4FileUdpUnicast" time="20.221" classname="testCasesSmoke.VersaIpSmokeTest.D2SmokeVersa6BMp4FileUdpUnicast"/>
</testsuite> <!-- testCasesSmoke.VersaIpSmokeTest.D2SmokeVersa6BMp4FileUdpUnicast -->
