<?xml version="1.0" encoding="UTF-8"?>
<!-- Generated by org.testng.reporters.JUnitReportReporter -->
<testsuite hostname="sr39-PC" name="testCasesSmoke.scteSmoketestcases.SmkVrs30MltProScteOotbndCueOuIn" tests="1" failures="0" timestamp="7 Mar 2019 08:19:15 GMT" time="35.732" errors="0">
  <testcase name="smkVrs30MltProScteOotbndCueOuIn" time="35.732" classname="testCasesSmoke.scteSmoketestcases.SmkVrs30MltProScteOotbndCueOuIn"/>
</testsuite> <!-- testCasesSmoke.scteSmoketestcases.SmkVrs30MltProScteOotbndCueOuIn -->
