<?xml version="1.0" encoding="UTF-8"?>
<!-- Generated by org.testng.reporters.JUnitReportReporter -->
<testsuite hostname="sr39-PC" name="testCasesSmoke.VersaIpSmokeTest.SmkVrs58QualityOpt" tests="1" failures="0" timestamp="7 Mar 2019 08:19:15 GMT" time="41.481" errors="0">
  <testcase name="smkVrs58QualityOpt" time="41.481" classname="testCasesSmoke.VersaIpSmokeTest.SmkVrs58QualityOpt"/>
</testsuite> <!-- testCasesSmoke.VersaIpSmokeTest.SmkVrs58QualityOpt -->
