<?xml version="1.0" encoding="UTF-8"?>
<!-- Generated by org.testng.reporters.JUnitReportReporter -->
<testsuite hostname="sr39-PC" name="testCasesSmoke.VersaIpSmokeTest.SmokeVersa19TsInputMultiFileOut" tests="1" failures="0" timestamp="1 Mar 2019 04:02:43 GMT" time="29.872" errors="0">
  <testcase name="smokeVersa19TsInputMultiFileOut" time="29.872" classname="testCasesSmoke.VersaIpSmokeTest.SmokeVersa19TsInputMultiFileOut"/>
</testsuite> <!-- testCasesSmoke.VersaIpSmokeTest.SmokeVersa19TsInputMultiFileOut -->
