<?xml version="1.0" encoding="UTF-8"?>
<!-- Generated by org.testng.reporters.JUnitReportReporter -->
<testsuite hostname="sr39-PC" name="testCasesSmoke.VersaIpSmokeTest.VersaSmoke28Switcherjob" tests="1" failures="0" timestamp="7 Mar 2019 08:19:15 GMT" time="23.273" errors="0">
  <testcase name="versaSmoke28Switcherjob" time="23.273" classname="testCasesSmoke.VersaIpSmokeTest.VersaSmoke28Switcherjob"/>
</testsuite> <!-- testCasesSmoke.VersaIpSmokeTest.VersaSmoke28Switcherjob -->
