<?xml version="1.0" encoding="UTF-8"?>
<!-- Generated by org.testng.reporters.JUnitReportReporter -->
<testsuite hostname="sr39-PC" name="testCasesSmoke.VersaIpSmokeTest.Smkvrs55UdpInNDIout" tests="1" failures="0" timestamp="7 Mar 2019 08:19:15 GMT" time="34.135" errors="0">
  <testcase name="smkvrs55UdpInNDIout" time="34.135" classname="testCasesSmoke.VersaIpSmokeTest.Smkvrs55UdpInNDIout"/>
</testsuite> <!-- testCasesSmoke.VersaIpSmokeTest.Smkvrs55UdpInNDIout -->
