<?xml version="1.0" encoding="UTF-8"?>
<!-- Generated by org.testng.reporters.JUnitReportReporter -->
<testsuite hostname="sr39-PC" name="testCasesSmoke.VersaIpSmokeTest.SmkVrs54srtClientRTmpout" tests="1" failures="0" timestamp="1 Mar 2019 04:02:43 GMT" time="14.608" errors="0">
  <testcase name="smkVrs54srtClientRTmpout" time="14.608" classname="testCasesSmoke.VersaIpSmokeTest.SmkVrs54srtClientRTmpout"/>
</testsuite> <!-- testCasesSmoke.VersaIpSmokeTest.SmkVrs54srtClientRTmpout -->
