<?xml version="1.0" encoding="UTF-8"?>
<!-- Generated by org.testng.reporters.JUnitReportReporter -->
<testsuite hostname="sr39-PC" name="testCasesSmoke.RawInputSmoke.SmkVrs42ScteInbandRawInHls" tests="1" failures="0" timestamp="27 Feb 2019 12:28:52 GMT" time="16.607" errors="0">
  <testcase name="smkVrs42ScteInbandRawOutHls" time="16.607" classname="testCasesSmoke.RawInputSmoke.SmkVrs42ScteInbandRawInHls"/>
</testsuite> <!-- testCasesSmoke.RawInputSmoke.SmkVrs42ScteInbandRawInHls -->
