<?xml version="1.0" encoding="UTF-8"?>
<!-- Generated by org.testng.reporters.JUnitReportReporter -->
<testsuite hostname="sr39-PC" name="testCasesSmoke.scteSmoketestcases.SmkVrs31MltProScteOotbndCueOuDurat" tests="1" failures="0" timestamp="7 Mar 2019 08:19:15 GMT" time="28.334" errors="0">
  <testcase name="smkVrs31MltProScteOotbndCueOuDurat" time="28.334" classname="testCasesSmoke.scteSmoketestcases.SmkVrs31MltProScteOotbndCueOuDurat"/>
</testsuite> <!-- testCasesSmoke.scteSmoketestcases.SmkVrs31MltProScteOotbndCueOuDurat -->
