<?xml version="1.0" encoding="UTF-8"?>
<!-- Generated by org.testng.reporters.JUnitReportReporter -->
<testsuite hostname="sr39-PC" name="testCasesSmoke.VersaIpSmokeTest.D3SmokeVersa6CUdpPassthroughUdpunicast" tests="1" failures="0" timestamp="4 Mar 2019 13:45:03 GMT" time="15.207" errors="0">
  <testcase name="smokeVersa6CUdpPassthroughUdpunicast" time="15.207" classname="testCasesSmoke.VersaIpSmokeTest.D3SmokeVersa6CUdpPassthroughUdpunicast"/>
</testsuite> <!-- testCasesSmoke.VersaIpSmokeTest.D3SmokeVersa6CUdpPassthroughUdpunicast -->
