<?xml version="1.0" encoding="UTF-8"?>
<!-- Generated by org.testng.reporters.JUnitReportReporter -->
<testsuite hostname="sr39-PC" name="testCasesSmoke.VersaIpSmokeTest.SmkVrs64UdpInPtsbasedPcr" tests="1" failures="0" timestamp="7 Mar 2019 08:19:15 GMT" time="129.448" errors="0">
  <testcase name="smkVrs64UdpInPtsbasedPcr" time="129.448" classname="testCasesSmoke.VersaIpSmokeTest.SmkVrs64UdpInPtsbasedPcr"/>
</testsuite> <!-- testCasesSmoke.VersaIpSmokeTest.SmkVrs64UdpInPtsbasedPcr -->
