<?xml version="1.0" encoding="UTF-8"?>
<!-- Generated by org.testng.reporters.JUnitReportReporter -->
<testsuite hostname="sr39-PC" name="testCasesSmoke.scteSmoketestcases.SmkVrs29InbandScte" tests="1" failures="0" timestamp="7 Mar 2019 08:19:15 GMT" time="21.960" errors="0">
  <testcase name="smkVrs29InbandScte" time="21.960" classname="testCasesSmoke.scteSmoketestcases.SmkVrs29InbandScte"/>
</testsuite> <!-- testCasesSmoke.scteSmoketestcases.SmkVrs29InbandScte -->
