<?xml version="1.0" encoding="UTF-8"?>
<!-- Generated by org.testng.reporters.JUnitReportReporter -->
<testsuite hostname="sr39-PC" name="testCasesSmoke.VersaIpSmokeTest.C4SmokeVersa3dRtpunicastMp4out" tests="1" failures="0" timestamp="4 Mar 2019 13:45:03 GMT" time="15.107" errors="0">
  <testcase name="smokeVersa3dRtpunicastMp4out" time="15.107" classname="testCasesSmoke.VersaIpSmokeTest.C4SmokeVersa3dRtpunicastMp4out"/>
</testsuite> <!-- testCasesSmoke.VersaIpSmokeTest.C4SmokeVersa3dRtpunicastMp4out -->
