<?xml version="1.0" encoding="UTF-8"?>
<!-- Generated by org.testng.reporters.JUnitReportReporter -->
<testsuite hostname="sr39-PC" name="testCasesSmoke.VersaIpSmokeTest.B2Smokevrs2bRTMPInUdpUbnicastjob" tests="1" failures="0" timestamp="4 Mar 2019 13:45:03 GMT" time="14.972" errors="0">
  <testcase name="smokevrs2bRTMPInUdpUbnicastjob" time="14.972" classname="testCasesSmoke.VersaIpSmokeTest.B2Smokevrs2bRTMPInUdpUbnicastjob"/>
</testsuite> <!-- testCasesSmoke.VersaIpSmokeTest.B2Smokevrs2bRTMPInUdpUbnicastjob -->
