<?xml version="1.0" encoding="UTF-8"?>
<!-- Generated by org.testng.reporters.JUnitReportReporter -->
<testsuite hostname="sr39-PC" name="testCasesSmoke.VersaIpSmokeTest.SmokeVersaUdpMulticastRtpUnicastjob" tests="1" failures="0" timestamp="28 Feb 2019 11:56:32 GMT" time="18.616" errors="0">
  <testcase name="smokeVersaUdpMulticastRtpUnicastjob" time="18.616" classname="testCasesSmoke.VersaIpSmokeTest.SmokeVersaUdpMulticastRtpUnicastjob"/>
</testsuite> <!-- testCasesSmoke.VersaIpSmokeTest.SmokeVersaUdpMulticastRtpUnicastjob -->
