<?xml version="1.0" encoding="UTF-8"?>
<!-- Generated by org.testng.reporters.JUnitReportReporter -->
<testsuite hostname="sr39-PC" name="testCasesSmoke.VersaIpSmokeTest.D1SmokeVersa6AMulticastUdpMp4out" tests="1" failures="0" timestamp="4 Mar 2019 13:45:03 GMT" time="17.125" errors="0">
  <testcase name="smokeVersa6AMulticastUdpMp4out" time="17.125" classname="testCasesSmoke.VersaIpSmokeTest.D1SmokeVersa6AMulticastUdpMp4out"/>
</testsuite> <!-- testCasesSmoke.VersaIpSmokeTest.D1SmokeVersa6AMulticastUdpMp4out -->
