<?xml version="1.0" encoding="UTF-8"?>
<!-- Generated by org.testng.reporters.JUnitReportReporter -->
<testsuite hostname="sr39-PC" name="testCasesSmoke.VersaIpSmokeTest.C4SmokeVersa3dRtpunicastMp4out" tests="1" failures="0" timestamp="7 Mar 2019 08:19:15 GMT" time="19.754" errors="0">
  <testcase name="smokeVersa3dRtpunicastMp4out" time="19.754" classname="testCasesSmoke.VersaIpSmokeTest.C4SmokeVersa3dRtpunicastMp4out"/>
</testsuite> <!-- testCasesSmoke.VersaIpSmokeTest.C4SmokeVersa3dRtpunicastMp4out -->
