<?xml version="1.0" encoding="UTF-8"?>
<!-- Generated by org.testng.reporters.JUnitReportReporter -->
<testsuite hostname="sr39-PC" name="testCasesSmoke.SmokeUdpUnicastRtpUnicastjob" tests="1" failures="0" timestamp="20 Feb 2019 13:54:16 GMT" time="16.613" errors="0">
  <testcase name="smokeUdpUnicastRtpUnicastjob" time="16.613" classname="testCasesSmoke.SmokeUdpUnicastRtpUnicastjob"/>
</testsuite> <!-- testCasesSmoke.SmokeUdpUnicastRtpUnicastjob -->
