<?xml version="1.0" encoding="UTF-8"?>
<!-- Generated by org.testng.reporters.JUnitReportReporter -->
<testsuite hostname="sr39-PC" name="testCasesSmoke.VersaIpSmokeTest.SmkVrs59QualityOptMultipro" tests="1" failures="0" timestamp="1 Mar 2019 04:02:43 GMT" time="20.539" errors="0">
  <testcase name="smkVrs59QualityOptMultipro" time="20.539" classname="testCasesSmoke.VersaIpSmokeTest.SmkVrs59QualityOptMultipro"/>
</testsuite> <!-- testCasesSmoke.VersaIpSmokeTest.SmkVrs59QualityOptMultipro -->
