<?xml version="1.0" encoding="UTF-8"?>
<!-- Generated by org.testng.reporters.JUnitReportReporter -->
<testsuite hostname="sr39-PC" name="testCasesSmoke.XportSmokeTest.SmokeXport61QualityOptimized_UDP_UDP" tests="1" failures="0" timestamp="7 Mar 2019 08:19:15 GMT" time="27.915" errors="0">
  <testcase name="smokeXport61qualityOptimized_UDP_UDP" time="27.915" classname="testCasesSmoke.XportSmokeTest.SmokeXport61QualityOptimized_UDP_UDP"/>
</testsuite> <!-- testCasesSmoke.XportSmokeTest.SmokeXport61QualityOptimized_UDP_UDP -->
