<?xml version="1.0" encoding="UTF-8"?>
<!-- Generated by org.testng.reporters.JUnitReportReporter -->
<testsuite hostname="sr39-PC" name="testCasesSmoke.VersaIpSmokeTest.SmokeVersa3aRtpUnicastRtmpOut" tests="1" failures="0" timestamp="28 Feb 2019 12:17:05 GMT" time="16.809" errors="0">
  <testcase name="smokeVersa3aRtpUnicastRtmpOut" time="16.809" classname="testCasesSmoke.VersaIpSmokeTest.SmokeVersa3aRtpUnicastRtmpOut"/>
</testsuite> <!-- testCasesSmoke.VersaIpSmokeTest.SmokeVersa3aRtpUnicastRtmpOut -->
