<?xml version="1.0" encoding="UTF-8"?>
<!-- Generated by org.testng.reporters.JUnitReportReporter -->
<testsuite hostname="sr39-PC" name="testCasesSmoke.RawInputSmoke.SmokeXport47Magewell_UDP" tests="1" failures="0" timestamp="6 Mar 2019 09:12:22 GMT" time="16.556" errors="0">
  <testcase name="smokeXport47Magewell_UDP" time="16.556" classname="testCasesSmoke.RawInputSmoke.SmokeXport47Magewell_UDP"/>
</testsuite> <!-- testCasesSmoke.RawInputSmoke.SmokeXport47Magewell_UDP -->
