<?xml version="1.0" encoding="UTF-8"?>
<!-- Generated by org.testng.reporters.JUnitReportReporter -->
<testsuite hostname="sr39-PC" name="testCasesSmoke.RawInputSmoke.SmkVrs34ScteCueOuInUdpInRawOut" tests="1" failures="0" timestamp="27 Feb 2019 12:28:52 GMT" time="20.481" errors="0">
  <testcase name="smkVrs34ScteCueOuInUdpInRawOut" time="20.481" classname="testCasesSmoke.RawInputSmoke.SmkVrs34ScteCueOuInUdpInRawOut"/>
</testsuite> <!-- testCasesSmoke.RawInputSmoke.SmkVrs34ScteCueOuInUdpInRawOut -->
