<?xml version="1.0" encoding="UTF-8"?>
<!-- Generated by org.testng.reporters.JUnitReportReporter -->
<testsuite hostname="sr39-PC" name="testCasesSmoke.VersaIpSmokeTest.B2Smokevrs2bRTMPInUdpUbnicastjob" tests="1" failures="0" timestamp="1 Mar 2019 04:02:43 GMT" time="16.526" errors="0">
  <testcase name="smokevrs2bRTMPInUdpUbnicastjob" time="16.526" classname="testCasesSmoke.VersaIpSmokeTest.B2Smokevrs2bRTMPInUdpUbnicastjob"/>
</testsuite> <!-- testCasesSmoke.VersaIpSmokeTest.B2Smokevrs2bRTMPInUdpUbnicastjob -->
