<?xml version="1.0" encoding="UTF-8"?>
<!-- Generated by org.testng.reporters.JUnitReportReporter -->
<testsuite hostname="sr39-PC" name="testCasesSmoke.VersaIpSmokeTest.SmokeUdpMulticastRtmpoutjob" tests="1" failures="0" timestamp="27 Feb 2019 12:45:51 GMT" time="19.128" errors="0">
  <testcase name="smokeUdpMulticastRtmpoutjob" time="19.128" classname="testCasesSmoke.VersaIpSmokeTest.SmokeUdpMulticastRtmpoutjob"/>
</testsuite> <!-- testCasesSmoke.VersaIpSmokeTest.SmokeUdpMulticastRtmpoutjob -->
