<?xml version="1.0" encoding="UTF-8"?>
<!-- Generated by org.testng.reporters.JUnitReportReporter -->
<testsuite hostname="sr39-PC" name="testCasesSmoke.RawInputSmoke.SmkVrs51VportUDpuniRawOut" tests="1" failures="0" timestamp="27 Feb 2019 12:28:52 GMT" time="14.638" errors="0">
  <testcase name="smkVrs51VportUDpuniRawOut" time="14.638" classname="testCasesSmoke.RawInputSmoke.SmkVrs51VportUDpuniRawOut"/>
</testsuite> <!-- testCasesSmoke.RawInputSmoke.SmkVrs51VportUDpuniRawOut -->
