<?xml version="1.0" encoding="UTF-8"?>
<!-- Generated by org.testng.reporters.JUnitReportReporter -->
<testsuite hostname="sr39-PC" name="testCasesSmoke.VersaIpSmokeTest.B1Smokevrs2aUdpMulticastRtmpoutjob" tests="1" failures="0" timestamp="1 Mar 2019 04:02:43 GMT" time="16.800" errors="0">
  <testcase name="smokevrs2aUdpMulticastRtmpoutjob" time="16.800" classname="testCasesSmoke.VersaIpSmokeTest.B1Smokevrs2aUdpMulticastRtmpoutjob"/>
</testsuite> <!-- testCasesSmoke.VersaIpSmokeTest.B1Smokevrs2aUdpMulticastRtmpoutjob -->
