<?xml version="1.0" encoding="UTF-8"?>
<!-- Generated by org.testng.reporters.JUnitReportReporter -->
<testsuite hostname="sr39-PC" name="testCasesSmoke.scteSmoketestcases.SmkVrs28SctePerodic" tests="1" failures="0" timestamp="25 Feb 2019 14:11:48 GMT" time="20.554" errors="0">
  <testcase name="smkVrs28SctePerodic" time="20.554" classname="testCasesSmoke.scteSmoketestcases.SmkVrs28SctePerodic"/>
</testsuite> <!-- testCasesSmoke.scteSmoketestcases.SmkVrs28SctePerodic -->
