<?xml version="1.0" encoding="UTF-8"?>
<!-- Generated by org.testng.reporters.JUnitReportReporter -->
<testsuite hostname="sr39-PC" name="testCasesSmoke.RawInputSmoke.SmokeXport4aBMD_UDP" tests="1" failures="0" timestamp="7 Mar 2019 08:19:15 GMT" time="63.373" errors="0">
  <testcase name="smokeXport4aBMD_UDP" time="63.373" classname="testCasesSmoke.RawInputSmoke.SmokeXport4aBMD_UDP"/>
</testsuite> <!-- testCasesSmoke.RawInputSmoke.SmokeXport4aBMD_UDP -->
