<?xml version="1.0" encoding="UTF-8"?>
<!-- Generated by org.testng.reporters.JUnitReportReporter -->
<testsuite hostname="sr39-PC" name="testCasesSmoke.VersaIpSmokeTest.SmokeUdpUincastUdpUnicastjob" tests="1" failures="0" timestamp="27 Feb 2019 12:13:30 GMT" time="16.227" errors="0">
  <testcase name="smokeUdpUincastUdpUnicastjob" time="16.227" classname="testCasesSmoke.VersaIpSmokeTest.SmokeUdpUincastUdpUnicastjob"/>
</testsuite> <!-- testCasesSmoke.VersaIpSmokeTest.SmokeUdpUincastUdpUnicastjob -->
