<?xml version="1.0" encoding="UTF-8"?>
<!-- Generated by org.testng.reporters.JUnitReportReporter -->
<testsuite hostname="sr39-PC" name="testCasesSmoke.XportSmokeTest.SmokeXport15UDPmulticast_RTP" tests="1" failures="0" timestamp="7 Mar 2019 08:19:15 GMT" time="21.311" errors="0">
  <testcase name="smokeXport15UDPmulticast_RTP" time="21.311" classname="testCasesSmoke.XportSmokeTest.SmokeXport15UDPmulticast_RTP"/>
</testsuite> <!-- testCasesSmoke.XportSmokeTest.SmokeXport15UDPmulticast_RTP -->
