<?xml version="1.0" encoding="UTF-8"?>
<!-- Generated by org.testng.reporters.JUnitReportReporter -->
<testsuite hostname="sr39-PC" name="testCasesSmoke.TestCasesRunning.FileUpload" tests="1" failures="0" timestamp="5 Mar 2019 13:45:19 GMT" time="37.611" errors="0">
  <testcase name="mp4_file" time="37.611" classname="testCasesSmoke.TestCasesRunning.FileUpload"/>
</testsuite> <!-- testCasesSmoke.TestCasesRunning.FileUpload -->
