<?xml version="1.0" encoding="UTF-8"?>
<!-- Generated by org.testng.reporters.JUnitReportReporter -->
<testsuite hostname="sr39-PC" name="testCasesSmoke.VersaIpSmokeTest.SmkVrs53SrtclientUDpout" tests="1" failures="0" timestamp="6 Mar 2019 08:44:06 GMT" time="14.077" errors="0">
  <testcase name="smkVrs53SrtclientUDpout" time="14.077" classname="testCasesSmoke.VersaIpSmokeTest.SmkVrs53SrtclientUDpout"/>
</testsuite> <!-- testCasesSmoke.VersaIpSmokeTest.SmkVrs53SrtclientUDpout -->
