<?xml version="1.0" encoding="UTF-8"?>
<!-- Generated by org.testng.reporters.JUnitReportReporter -->
<testsuite hostname="sr39-PC" name="testCasesSmoke.RawInputSmoke.SmkVrs44ScteInbandRawInHls" tests="1" failures="0" timestamp="27 Feb 2019 12:28:52 GMT" time="16.910" errors="0">
  <testcase name="smkVrs44ScteInbandRawOutHls" time="16.910" classname="testCasesSmoke.RawInputSmoke.SmkVrs44ScteInbandRawInHls"/>
</testsuite> <!-- testCasesSmoke.RawInputSmoke.SmkVrs44ScteInbandRawInHls -->
