<?xml version="1.0" encoding="UTF-8"?>
<!-- Generated by org.testng.reporters.JUnitReportReporter -->
<testsuite hostname="sr39-PC" name="testCasesSmoke.RawInputSmoke.SmkVrs48MgwlInHlsMp4UserDe" tests="1" failures="0" timestamp="27 Feb 2019 12:28:52 GMT" time="15.490" errors="0">
  <testcase name="smkVrs48MgwlInHlsMp4UserDe" time="15.490" classname="testCasesSmoke.RawInputSmoke.SmkVrs48MgwlInHlsMp4UserDe"/>
</testsuite> <!-- testCasesSmoke.RawInputSmoke.SmkVrs48MgwlInHlsMp4UserDe -->
