<?xml version="1.0" encoding="UTF-8"?>
<!-- Generated by org.testng.reporters.JUnitReportReporter -->
<testsuite hostname="sr39-PC" name="testCasesSmoke.VersaIpSmokeTest.E1SmokeVersa7AUdpMulticastMp4out" tests="1" failures="0" timestamp="7 Mar 2019 08:19:15 GMT" time="24.927" errors="0">
  <testcase name="smokeVersa7AUdpMulticastMp4out" time="24.927" classname="testCasesSmoke.VersaIpSmokeTest.E1SmokeVersa7AUdpMulticastMp4out"/>
</testsuite> <!-- testCasesSmoke.VersaIpSmokeTest.E1SmokeVersa7AUdpMulticastMp4out -->
