<?xml version="1.0" encoding="UTF-8"?>
<!-- Generated by org.testng.reporters.JUnitReportReporter -->
<testsuite hostname="sr39-PC" name="testCasesSmoke.scteSmoketestcases.SmkVrs32MltProSctePerodic" tests="1" failures="0" timestamp="7 Mar 2019 08:19:15 GMT" time="37.033" errors="0">
  <testcase name="smkVrs32MltProSctePerodic" time="37.033" classname="testCasesSmoke.scteSmoketestcases.SmkVrs32MltProSctePerodic"/>
</testsuite> <!-- testCasesSmoke.scteSmoketestcases.SmkVrs32MltProSctePerodic -->
