<?xml version="1.0" encoding="UTF-8"?>
<!-- Generated by org.testng.reporters.JUnitReportReporter -->
<testsuite hostname="sr39-PC" name="testCasesSmoke.RawInputSmoke.SmkVrs42ScteInbandRawOutHls" tests="1" failures="0" timestamp="27 Feb 2019 11:00:36 GMT" time="18.800" errors="0">
  <testcase name="smkVrs42ScteInbandRawOutHls" time="18.800" classname="testCasesSmoke.RawInputSmoke.SmkVrs42ScteInbandRawOutHls"/>
</testsuite> <!-- testCasesSmoke.RawInputSmoke.SmkVrs42ScteInbandRawOutHls -->
