<?xml version="1.0" encoding="UTF-8"?>
<!-- Generated by org.testng.reporters.JUnitReportReporter -->
<testsuite hostname="sr39-PC" name="testCasesSmoke.VersaIpSmokeTest.D1SmokeVersa6AMulticastUdpMp4out" tests="1" failures="0" timestamp="7 Mar 2019 08:19:15 GMT" time="21.604" errors="0">
  <testcase name="smokeVersa6AMulticastUdpMp4out" time="21.604" classname="testCasesSmoke.VersaIpSmokeTest.D1SmokeVersa6AMulticastUdpMp4out"/>
</testsuite> <!-- testCasesSmoke.VersaIpSmokeTest.D1SmokeVersa6AMulticastUdpMp4out -->
