<?xml version="1.0" encoding="UTF-8"?>
<!-- Generated by org.testng.reporters.JUnitReportReporter -->
<testsuite hostname="sr39-PC" name="testCasesSmoke.RawInputSmoke.SmkVrs39ScteOubndCuOuDuraRawInHls" tests="1" failures="0" timestamp="27 Feb 2019 12:28:52 GMT" time="20.301" errors="0">
  <testcase name="smkVrs39ScteOubndCuOuDuraRawInHls" time="20.301" classname="testCasesSmoke.RawInputSmoke.SmkVrs39ScteOubndCuOuDuraRawInHls"/>
</testsuite> <!-- testCasesSmoke.RawInputSmoke.SmkVrs39ScteOubndCuOuDuraRawInHls -->
