<?xml version="1.0" encoding="UTF-8"?>
<!-- Generated by org.testng.reporters.JUnitReportReporter -->
<testsuite hostname="sr39-PC" name="testCasesSmoke.RawInputSmoke.SmkVrs49MagewlInRtmpOut" tests="1" failures="0" timestamp="27 Feb 2019 13:29:26 GMT" time="15.861" errors="0">
  <testcase name="smkVrs49MagewlInRtmpOut" time="15.861" classname="testCasesSmoke.RawInputSmoke.SmkVrs49MagewlInRtmpOut"/>
</testsuite> <!-- testCasesSmoke.RawInputSmoke.SmkVrs49MagewlInRtmpOut -->
